#
# A fatal error has been detected by the Java Runtime Environment:
#
#  EXCEPTION_ACCESS_VIOLATION (0xc0000005) at pc=0x00007ffa51bee0a9, pid=24252, tid=33132
#
# JRE version: OpenJDK Runtime Environment Microsoft-8035246 (17.0.8+7) (build 17.0.8+7-LTS)
# Java VM: OpenJDK 64-Bit Server VM Microsoft-8035246 (17.0.8+7-LTS, mixed mode, sharing, tiered, compressed oops, compressed class ptrs, g1 gc, windows-amd64)
# Problematic frame:
# V  [jvm.dll+0x2be0a9]
#
# No core dump will be written. Minidumps are not enabled by default on client versions of Windows
#
# If you would like to submit a bug report, please visit:
#   https://github.com/microsoft/openjdk/issues
#

---------------  S U M M A R Y ------------

Command Line: -XX:MaxMetaspaceSize=512m --add-opens=java.base/java.util=ALL-UNNAMED --add-opens=java.base/java.lang=ALL-UNNAMED --add-opens=java.base/java.lang.invoke=ALL-UNNAMED --add-opens=java.prefs/java.util.prefs=ALL-UNNAMED --add-opens=java.base/java.nio.charset=ALL-UNNAMED --add-opens=java.base/java.net=ALL-UNNAMED --add-opens=java.base/java.util.concurrent.atomic=ALL-UNNAMED -Xmx2048m -Dfile.encoding=windows-1252 -Duser.country=US -Duser.language=en -Duser.variant -javaagent:C:\Users\Lenovo\.gradle\wrapper\dists\gradle-8.3-all\6en3ugtfdg5xnpx44z4qbwgas\gradle-8.3\lib\agents\gradle-instrumentation-agent-8.3.jar org.gradle.launcher.daemon.bootstrap.GradleDaemon 8.3

Host: 11th Gen Intel(R) Core(TM) i5-1135G7 @ 2.40GHz, 8 cores, 7G,  Windows 11 , 64 bit Build 22621 (10.0.22621.2506)
Time: Sun Jan  7 08:58:25 2024 Bangladesh Standard Time elapsed time: 865.362196 seconds (0d 0h 14m 25s)

---------------  T H R E A D  ---------------

Current thread (0x000001f0b46f68e0):  JavaThread "C2 CompilerThread0" daemon [_thread_in_native, id=33132, stack(0x000000c9da100000,0x000000c9da200000)]


Current CompileTask:
C2: 865362 16390   !   4       org.gradle.cache.internal.DefaultMultiProcessSafeIndexedCache::getIfPresent (25 bytes)

Stack: [0x000000c9da100000,0x000000c9da200000],  sp=0x000000c9da1fb5e0,  free space=1005k
Native frames: (J=compiled Java code, j=interpreted, Vv=VM code, C=native code)
V  [jvm.dll+0x2be0a9]
V  [jvm.dll+0x21ba8b]
V  [jvm.dll+0x21944b]
V  [jvm.dll+0x1a56b6]
V  [jvm.dll+0x2291ea]
V  [jvm.dll+0x22724c]
V  [jvm.dll+0x7efd0c]
V  [jvm.dll+0x7ea13a]
V  [jvm.dll+0x67ad85]
C  [ucrtbase.dll+0x29363]
C  [KERNEL32.DLL+0x1257d]
C  [ntdll.dll+0x5aa58]


siginfo: EXCEPTION_ACCESS_VIOLATION (0xc0000005), reading address 0x0000000000000028


Register to memory mapping:

RIP=0x00007ffa51bee0a9 jvm.dll
RAX=0x000001f0d9057040 points into unknown readable memory: 0x0000000000000000 | 00 00 00 00 00 00 00 00
RBX=0x0000000000001289 is an unknown value
RCX=0x0 is NULL
RDX=0x0 is NULL
RSP=0x000000c9da1fb5e0 is pointing into the stack for thread: 0x000001f0b46f68e0
RBP=0x000000c9da1fb650 is pointing into the stack for thread: 0x000001f0b46f68e0
RSI=0x0 is NULL
RDI=0x0000000000000042 is an unknown value
R8 =0x000000000000ffe0 is an unknown value
R9 =0x0 is NULL
R10=0x00007ffa83b70000 VCRUNTIME140.dll
R11=0x000001f0d9057060 points into unknown readable memory: 0x0000000000000000 | 00 00 00 00 00 00 00 00
R12=0x0000000000000050 is an unknown value
R13=0x0 is NULL
R14=0x0 is NULL
R15=0x000000c9da1fe800 is pointing into the stack for thread: 0x000001f0b46f68e0


Registers:
RAX=0x000001f0d9057040, RBX=0x0000000000001289, RCX=0x0000000000000000, RDX=0x0000000000000000
RSP=0x000000c9da1fb5e0, RBP=0x000000c9da1fb650, RSI=0x0000000000000000, RDI=0x0000000000000042
R8 =0x000000000000ffe0, R9 =0x0000000000000000, R10=0x00007ffa83b70000, R11=0x000001f0d9057060
R12=0x0000000000000050, R13=0x0000000000000000, R14=0x0000000000000000, R15=0x000000c9da1fe800
RIP=0x00007ffa51bee0a9, EFLAGS=0x0000000000010202

Top of Stack: (sp=0x000000c9da1fb5e0)
0x000000c9da1fb5e0:   0000000000001289 0000000000000000
0x000000c9da1fb5f0:   000000c9da1fe800 00007ffa51b538d1
0x000000c9da1fb600:   000001f0b46edcc0 00007ffa00002000
0x000000c9da1fb610:   000001f0d9057040 000001f000000000
0x000000c9da1fb620:   0000000000000002 000001f0dbb83b80
0x000000c9da1fb630:   0000000200000002 000001f0b46edcc0
0x000000c9da1fb640:   0000000000000000 0000000000000000
0x000000c9da1fb650:   000001f0b46c79e0 000001f096286820
0x000000c9da1fb660:   0000000000000042 00007ffa52274c08
0x000000c9da1fb670:   000000c9da1fb780 00007ffa51b4ba8b
0x000000c9da1fb680:   000000c9da1fe800 00007ffa52274c08
0x000000c9da1fb690:   000000c9da1fe800 000000c9da1fb780
0x000000c9da1fb6a0:   000001f000000000 000001f0d8e97a70
0x000000c9da1fb6b0:   000000c90000000f 000000c9da1fe800
0x000000c9da1fb6c0:   000000c9da1fb830 000000c900000000
0x000000c9da1fb6d0:   000000c900000100 00007ffa52274c08 

Instructions: (pc=0x00007ffa51bee0a9)
0x00007ffa51bedfa9:   3b d0 75 0b ff c1 41 3b c9 7c dc 48 8b c2 c3 33
0x00007ffa51bedfb9:   c0 c3 cc cc cc cc cc 48 89 5c 24 18 55 56 57 41
0x00007ffa51bedfc9:   55 41 57 48 8b ec 48 83 ec 70 65 48 8b 04 25 58
0x00007ffa51bedfd9:   00 00 00 48 8b f2 44 8b 05 d2 8b 90 00 4c 8b f9
0x00007ffa51bedfe9:   4a 8b 1c c0 b8 50 00 00 00 80 3c 18 00 75 05 e8
0x00007ffa51bedff9:   8b 6f 5d 00 b8 20 00 00 00 48 8b 04 18 48 8b 98
0x00007ffa51bee009:   38 02 00 00 48 89 5d b0 c7 45 b8 04 00 00 00 48
0x00007ffa51bee019:   8b 43 18 48 83 f8 df 76 18 4c 8d 05 37 a9 65 00
0x00007ffa51bee029:   ba 20 00 00 00 48 8b cb e8 5a eb de ff 48 8b 43
0x00007ffa51bee039:   18 48 8d 48 20 48 3b 4b 20 76 11 45 33 c0 48 8b
0x00007ffa51bee049:   cb 41 8d 50 20 e8 fd e8 de ff eb 04 48 89 4b 18
0x00007ffa51bee059:   44 8b 45 b8 33 d2 49 c1 e0 03 48 8b c8 48 89 45
0x00007ffa51bee069:   c0 e8 e3 80 5d 00 45 33 ed 48 8d 4d d0 44 89 6d
0x00007ffa51bee079:   c8 e8 01 59 56 00 41 8b 9f 40 02 00 00 41 2b 9f
0x00007ffa51bee089:   68 02 00 00 44 89 6d f0 3b 5d b8 72 0b 8b d3 48
0x00007ffa51bee099:   8d 4d b0 e8 6f b3 39 00 48 8b 45 c0 4c 89 2c d8
0x00007ffa51bee0a9:   8b 7e 28 8b df c1 eb 05 3b 5d d0 72 0b 8b d3 48
0x00007ffa51bee0b9:   8d 4d d0 e8 1f 59 56 00 48 8b 45 d8 83 e7 1f 48
0x00007ffa51bee0c9:   8d 14 98 40 0f b6 cf 41 b8 01 00 00 00 41 d3 e0
0x00007ffa51bee0d9:   8b 0a 8b c1 41 0b c0 89 02 41 85 c8 75 21 8b 5d
0x00007ffa51bee0e9:   c8 8d 43 01 89 45 c8 3b 5d b8 72 0b 8b d3 48 8d
0x00007ffa51bee0f9:   4d b0 e8 10 b3 39 00 48 8b 45 c0 48 89 34 d8 44
0x00007ffa51bee109:   39 6d c8 0f 86 77 01 00 00 4c 89 a4 24 a0 00 00
0x00007ffa51bee119:   00 4c 89 b4 24 a8 00 00 00 48 8b 45 c0 41 8b cd
0x00007ffa51bee129:   48 8b 34 c8 8b 46 2c 25 ff 1f 00 00 3d 04 10 00
0x00007ffa51bee139:   00 0f 85 a7 00 00 00 bb 01 00 00 00 39 5e 18 76
0x00007ffa51bee149:   39 66 0f 1f 44 00 00 48 8b 46 08 8b cb 48 8b 14
0x00007ffa51bee159:   c8 48 85 d2 74 1d 48 83 7a 10 00 74 16 80 7a 2c
0x00007ffa51bee169:   84 74 10 e8 7f 7e ee ff 48 8b d0 49 8b cf e8 a4
0x00007ffa51bee179:   61 f6 ff ff c3 3b 5e 18 72 cd 48 8b 5e 10 8b 46
0x00007ffa51bee189:   20 4c 8d 34 c3 49 3b de 73 54 48 8b 3b 8b 47 2c
0x00007ffa51bee199:   83 e0 03 3c 03 75 2e 48 8b 07 48 8b cf ff 90 88 


Stack slot to memory mapping:
stack at sp + 0 slots: 0x0000000000001289 is an unknown value
stack at sp + 1 slots: 0x0 is NULL
stack at sp + 2 slots: 0x000000c9da1fe800 is pointing into the stack for thread: 0x000001f0b46f68e0
stack at sp + 3 slots: 0x00007ffa51b538d1 jvm.dll
stack at sp + 4 slots: 0x000001f0b46edcc0 points into unknown readable memory: 0x0000000000000006 | 06 00 00 00 00 00 00 00
stack at sp + 5 slots: 0x00007ffa00002000 is an unknown value
stack at sp + 6 slots: 0x000001f0d9057040 points into unknown readable memory: 0x0000000000000000 | 00 00 00 00 00 00 00 00
stack at sp + 7 slots: 0x000001f000000000 is an unknown value


---------------  P R O C E S S  ---------------

Threads class SMR info:
_java_thread_list=0x000001f0d95f3f10, length=57, elements={
0x000001f09626f3b0, 0x000001f0b46d7dc0, 0x000001f0b46d8980, 0x000001f0b46efdd0,
0x000001f0b46f27b0, 0x000001f0b46f3170, 0x000001f0b46f5b40, 0x000001f0b46f68e0,
0x000001f0b46f7390, 0x000001f0b46fccd0, 0x000001f0b48f9c90, 0x000001f0b4a4f5d0,
0x000001f0d5fd5ca0, 0x000001f0d61f6cd0, 0x000001f0d5ee32b0, 0x000001f0d5394cc0,
0x000001f0d53956e0, 0x000001f0d733c6c0, 0x000001f0d733cbd0, 0x000001f0d7336ba0,
0x000001f0d7339420, 0x000001f0d73384f0, 0x000001f0d733d0e0, 0x000001f0d733a860,
0x000001f0d733c1b0, 0x000001f0d733d5f0, 0x000001f0d73370b0, 0x000001f0d7339e40,
0x000001f0d733b280, 0x000001f0d733b790, 0x000001f0d7337ad0, 0x000001f0d8155210,
0x000001f0d71e0bf0, 0x000001f0d71e57e0, 0x000001f0d71dfcc0, 0x000001f0d81542e0,
0x000001f0d814fc00, 0x000001f0d81533b0, 0x000001f0d81538c0, 0x000001f0d8154d00,
0x000001f0d8153dd0, 0x000001f0d8155c30, 0x000001f0d8151a60, 0x000001f0d8152990,
0x000001f0d8150110, 0x000001f0d8156140, 0x000001f0d8156650, 0x000001f0d8156b60,
0x000001f0d8151f70, 0x000001f0d8157070, 0x000001f0d8157580, 0x000001f0d8150620,
0x000001f0d8150b30, 0x000001f0d8152480, 0x000001f0d8151040, 0x000001f0d8151550,
0x000001f0d8152ea0
}

Java Threads: ( => current thread )
  0x000001f09626f3b0 JavaThread "main" [_thread_blocked, id=32900, stack(0x000000c9d9400000,0x000000c9d9500000)]
  0x000001f0b46d7dc0 JavaThread "Reference Handler" daemon [_thread_blocked, id=20852, stack(0x000000c9d9b00000,0x000000c9d9c00000)]
  0x000001f0b46d8980 JavaThread "Finalizer" daemon [_thread_blocked, id=30836, stack(0x000000c9d9c00000,0x000000c9d9d00000)]
  0x000001f0b46efdd0 JavaThread "Signal Dispatcher" daemon [_thread_blocked, id=34392, stack(0x000000c9d9d00000,0x000000c9d9e00000)]
  0x000001f0b46f27b0 JavaThread "Attach Listener" daemon [_thread_blocked, id=13640, stack(0x000000c9d9e00000,0x000000c9d9f00000)]
  0x000001f0b46f3170 JavaThread "Service Thread" daemon [_thread_blocked, id=16940, stack(0x000000c9d9f00000,0x000000c9da000000)]
  0x000001f0b46f5b40 JavaThread "Monitor Deflation Thread" daemon [_thread_blocked, id=25904, stack(0x000000c9da000000,0x000000c9da100000)]
=>0x000001f0b46f68e0 JavaThread "C2 CompilerThread0" daemon [_thread_in_native, id=33132, stack(0x000000c9da100000,0x000000c9da200000)]
  0x000001f0b46f7390 JavaThread "C1 CompilerThread0" daemon [_thread_blocked, id=35216, stack(0x000000c9da200000,0x000000c9da300000)]
  0x000001f0b46fccd0 JavaThread "Sweeper thread" daemon [_thread_blocked, id=35332, stack(0x000000c9da300000,0x000000c9da400000)]
  0x000001f0b48f9c90 JavaThread "Common-Cleaner" daemon [_thread_blocked, id=3336, stack(0x000000c9da400000,0x000000c9da500000)]
  0x000001f0b4a4f5d0 JavaThread "Notification Thread" daemon [_thread_blocked, id=28076, stack(0x000000c9da500000,0x000000c9da600000)]
  0x000001f0d5fd5ca0 JavaThread "Daemon health stats" [_thread_blocked, id=31468, stack(0x000000c9dad00000,0x000000c9dae00000)]
  0x000001f0d61f6cd0 JavaThread "Incoming local TCP Connector on port 57369" [_thread_in_native, id=18216, stack(0x000000c9dae00000,0x000000c9daf00000)]
  0x000001f0d5ee32b0 JavaThread "Daemon periodic checks" [_thread_blocked, id=14492, stack(0x000000c9daf00000,0x000000c9db000000)]
  0x000001f0d5394cc0 JavaThread "Cache worker for journal cache (C:\Users\Lenovo\.gradle\caches\journal-1)" [_thread_blocked, id=12884, stack(0x000000c9db700000,0x000000c9db800000)]
  0x000001f0d53956e0 JavaThread "File lock request listener" [_thread_in_native, id=25804, stack(0x000000c9db800000,0x000000c9db900000)]
  0x000001f0d733c6c0 JavaThread "Cache worker for file hash cache (C:\Users\Lenovo\.gradle\caches\8.3\fileHashes)" [_thread_blocked, id=15884, stack(0x000000c9da800000,0x000000c9da900000)]
  0x000001f0d733cbd0 JavaThread "File watcher server" daemon [_thread_in_native, id=19296, stack(0x000000c9dbc00000,0x000000c9dbd00000)]
  0x000001f0d7336ba0 JavaThread "File watcher consumer" daemon [_thread_blocked, id=27040, stack(0x000000c9dbd00000,0x000000c9dbe00000)]
  0x000001f0d7339420 JavaThread "Cache worker for file content cache (C:\Users\Lenovo\.gradle\caches\8.3\fileContent)" [_thread_blocked, id=31164, stack(0x000000c9dc100000,0x000000c9dc200000)]
  0x000001f0d73384f0 JavaThread "Cache worker for execution history cache (C:\Users\Lenovo\.gradle\caches\8.3\executionHistory)" [_thread_blocked, id=36764, stack(0x000000c9dc400000,0x000000c9dc500000)]
  0x000001f0d733d0e0 JavaThread "jar transforms" [_thread_blocked, id=2096, stack(0x000000c9dc600000,0x000000c9dc700000)]
  0x000001f0d733a860 JavaThread "jar transforms Thread 2" [_thread_blocked, id=2864, stack(0x000000c9dc700000,0x000000c9dc800000)]
  0x000001f0d733c1b0 JavaThread "jar transforms Thread 3" [_thread_blocked, id=33804, stack(0x000000c9dc800000,0x000000c9dc900000)]
  0x000001f0d733d5f0 JavaThread "jar transforms Thread 4" [_thread_blocked, id=32868, stack(0x000000c9dc900000,0x000000c9dca00000)]
  0x000001f0d73370b0 JavaThread "Cache worker for kotlin-dsl (C:\Users\Lenovo\.gradle\caches\8.3\kotlin-dsl)" [_thread_blocked, id=22976, stack(0x000000c9dc500000,0x000000c9dc600000)]
  0x000001f0d7339e40 JavaThread "jar transforms Thread 5" [_thread_blocked, id=31540, stack(0x000000c9dcb00000,0x000000c9dcc00000)]
  0x000001f0d733b280 JavaThread "jar transforms Thread 6" [_thread_blocked, id=38596, stack(0x000000c9dcc00000,0x000000c9dcd00000)]
  0x000001f0d733b790 JavaThread "jar transforms Thread 7" [_thread_blocked, id=22500, stack(0x000000c9dcf00000,0x000000c9dd000000)]
  0x000001f0d7337ad0 JavaThread "jar transforms Thread 8" [_thread_blocked, id=21700, stack(0x000000c9dd000000,0x000000c9dd100000)]
  0x000001f0d8155210 JavaThread "Memory manager" [_thread_blocked, id=34860, stack(0x000000c9dda00000,0x000000c9ddb00000)]
  0x000001f0d71e0bf0 JavaThread "Monitor" [_thread_in_native, id=8920, stack(0x000000c9e3300000,0x000000c9e3400000)]
  0x000001f0d71e57e0 JavaThread "JdwpProxyConnection" [_thread_in_native, id=19604, stack(0x000000c9e3400000,0x000000c9e3500000)]
  0x000001f0d71dfcc0 JavaThread "Device List Monitor" [_thread_in_native, id=10316, stack(0x000000c9e3500000,0x000000c9e3600000)]
  0x000001f0d81542e0 JavaThread "Daemon Thread 2" [_thread_blocked, id=7652, stack(0x000000c9d9100000,0x000000c9d9200000)]
  0x000001f0d814fc00 JavaThread "Handler for socket connection from /127.0.0.1:57369 to /127.0.0.1:57559" [_thread_in_native, id=9644, stack(0x000000c9d9200000,0x000000c9d9300000)]
  0x000001f0d81533b0 JavaThread "Cancel handler" [_thread_blocked, id=2440, stack(0x000000c9d9300000,0x000000c9d9400000)]
  0x000001f0d81538c0 JavaThread "Daemon worker Thread 2" [_thread_in_Java, id=37204, stack(0x000000c9da700000,0x000000c9da800000)]
  0x000001f0d8154d00 JavaThread "Asynchronous log dispatcher for DefaultDaemonConnection: socket connection from /127.0.0.1:57369 to /127.0.0.1:57559" [_thread_blocked, id=16968, stack(0x000000c9db000000,0x000000c9db100000)]
  0x000001f0d8153dd0 JavaThread "Stdin handler" [_thread_blocked, id=22360, stack(0x000000c9db100000,0x000000c9db200000)]
  0x000001f0d8155c30 JavaThread "Daemon client event forwarder" [_thread_blocked, id=15144, stack(0x000000c9db200000,0x000000c9db300000)]
  0x000001f0d8151a60 JavaThread "Cache worker for checksums cache (E:\Android Mobile APPs\sundarbanshop\sundarbanshop_app\android\.gradle\8.3\checksums)" [_thread_blocked, id=5360, stack(0x000000c9db300000,0x000000c9db400000)]
  0x000001f0d8152990 JavaThread "Cache worker for file hash cache (E:\Android Mobile APPs\sundarbanshop\sundarbanshop_app\android\.gradle\8.3\fileHashes)" [_thread_blocked, id=9920, stack(0x000000c9db400000,0x000000c9db500000)]
  0x000001f0d8150110 JavaThread "Cache worker for cache directory md-supplier (C:\Users\Lenovo\.gradle\caches\8.3\md-supplier)" [_thread_blocked, id=21128, stack(0x000000c9db500000,0x000000c9db600000)]
  0x000001f0d8156140 JavaThread "Cache worker for cache directory md-rule (C:\Users\Lenovo\.gradle\caches\8.3\md-rule)" [_thread_blocked, id=13456, stack(0x000000c9db600000,0x000000c9db700000)]
  0x000001f0d8156650 JavaThread "Unconstrained build operations" [_thread_blocked, id=6492, stack(0x000000c9dbe00000,0x000000c9dbf00000)]
  0x000001f0d8156b60 JavaThread "Unconstrained build operations Thread 2" [_thread_blocked, id=5196, stack(0x000000c9dbf00000,0x000000c9dc000000)]
  0x000001f0d8151f70 JavaThread "Cache worker for dependencies-accessors (E:\Android Mobile APPs\sundarbanshop\sundarbanshop_app\android\.gradle\8.3\dependencies-accessors)" [_thread_blocked, id=24700, stack(0x000000c9dc000000,0x000000c9dc100000)]
  0x000001f0d8157070 JavaThread "Cache worker for Build Output Cleanup Cache (E:\Android Mobile APPs\sundarbanshop\sundarbanshop_app\node_modules\@react-native\gradle-plugin\.gradle\buildOutputCleanup)" [_thread_blocked, id=7648, stack(0x000000c9dc300000,0x000000c9dc400000)]
  0x000001f0d8157580 JavaThread "Unconstrained build operations Thread 3" [_thread_blocked, id=2816, stack(0x000000c9dca00000,0x000000c9dcb00000)]
  0x000001f0d8150620 JavaThread "Unconstrained build operations Thread 4" [_thread_blocked, id=18520, stack(0x000000c9dcd00000,0x000000c9dce00000)]
  0x000001f0d8150b30 JavaThread "Unconstrained build operations Thread 5" [_thread_blocked, id=3716, stack(0x000000c9dce00000,0x000000c9dcf00000)]
  0x000001f0d8152480 JavaThread "Unconstrained build operations Thread 6" [_thread_blocked, id=3500, stack(0x000000c9dd100000,0x000000c9dd200000)]
  0x000001f0d8151040 JavaThread "Unconstrained build operations Thread 7" [_thread_blocked, id=3788, stack(0x000000c9dd200000,0x000000c9dd300000)]
  0x000001f0d8151550 JavaThread "Unconstrained build operations Thread 8" [_thread_blocked, id=36516, stack(0x000000c9dd300000,0x000000c9dd400000)]
  0x000001f0d8152ea0 JavaThread "Unconstrained build operations Thread 9" [_thread_blocked, id=5908, stack(0x000000c9dd400000,0x000000c9dd500000)]

Other Threads:
  0x000001f0b46d3750 VMThread "VM Thread" [stack: 0x000000c9d9a00000,0x000000c9d9b00000] [id=9444]
  0x000001f0962fdd30 WatcherThread [stack: 0x000000c9da600000,0x000000c9da700000] [id=36124]
  0x000001f0962cc530 GCTaskThread "GC Thread#0" [stack: 0x000000c9d9500000,0x000000c9d9600000] [id=22264]
  0x000001f0d4a09a90 GCTaskThread "GC Thread#1" [stack: 0x000000c9da900000,0x000000c9daa00000] [id=20084]
  0x000001f0d4a09d50 GCTaskThread "GC Thread#2" [stack: 0x000000c9daa00000,0x000000c9dab00000] [id=27756]
  0x000001f0d49754c0 GCTaskThread "GC Thread#3" [stack: 0x000000c9dab00000,0x000000c9dac00000] [id=15808]
  0x000001f0d4dec7e0 GCTaskThread "GC Thread#4" [stack: 0x000000c9dac00000,0x000000c9dad00000] [id=24324]
  0x000001f0d61cf8b0 GCTaskThread "GC Thread#5" [stack: 0x000000c9db900000,0x000000c9dba00000] [id=12156]
  0x000001f0d61d03b0 GCTaskThread "GC Thread#6" [stack: 0x000000c9dba00000,0x000000c9dbb00000] [id=22004]
  0x000001f0d61cfe30 GCTaskThread "GC Thread#7" [stack: 0x000000c9dbb00000,0x000000c9dbc00000] [id=29968]
  0x000001f0962dd480 ConcurrentGCThread "G1 Main Marker" [stack: 0x000000c9d9600000,0x000000c9d9700000] [id=16284]
  0x000001f0962dde90 ConcurrentGCThread "G1 Conc#0" [stack: 0x000000c9d9700000,0x000000c9d9800000] [id=28296]
  0x000001f0d61cf330 ConcurrentGCThread "G1 Conc#1" [stack: 0x000000c9dc200000,0x000000c9dc300000] [id=24768]
  0x000001f09631e1c0 ConcurrentGCThread "G1 Refine#0" [stack: 0x000000c9d9800000,0x000000c9d9900000] [id=14504]
  0x000001f09631ebf0 ConcurrentGCThread "G1 Service" [stack: 0x000000c9d9900000,0x000000c9d9a00000] [id=6120]

Threads with active compile tasks:
C2 CompilerThread0   865409 16390   !   4       org.gradle.cache.internal.DefaultMultiProcessSafeIndexedCache::getIfPresent (25 bytes)

VM state: not at safepoint (normal execution)

VM Mutex/Monitor currently owned by a thread: None

Heap address: 0x0000000080000000, size: 2048 MB, Compressed Oops mode: 32-bit

CDS archive(s) mapped at: [0x000001f0b5000000-0x000001f0b5bd0000-0x000001f0b5bd0000), size 12386304, SharedBaseAddress: 0x000001f0b5000000, ArchiveRelocationMode: 1.
Compressed class space mapped at: 0x000001f0b6000000-0x000001f0d0000000, reserved size: 436207616
Narrow klass base: 0x000001f0b5000000, Narrow klass shift: 0, Narrow klass range: 0x100000000

GC Precious Log:
 CPUs: 8 total, 8 available
 Memory: 7991M
 Large Page Support: Disabled
 NUMA Support: Disabled
 Compressed Oops: Enabled (32-bit)
 Heap Region Size: 1M
 Heap Min Capacity: 8M
 Heap Initial Capacity: 126M
 Heap Max Capacity: 2G
 Pre-touch: Disabled
 Parallel Workers: 8
 Concurrent Workers: 2
 Concurrent Refinement Workers: 8
 Periodic GC: Disabled

Heap:
 garbage-first heap   total 324608K, used 192686K [0x0000000080000000, 0x0000000100000000)
  region size 1024K, 22 young (22528K), 10 survivors (10240K)
 Metaspace       used 101415K, committed 102464K, reserved 557056K
  class space    used 14090K, committed 14592K, reserved 425984K

Heap Regions: E=young(eden), S=young(survivor), O=old, HS=humongous(starts), HC=humongous(continues), CS=collection set, F=free, OA=open archive, CA=closed archive, TAMS=top-at-mark-start (previous, next)
|   0|0x0000000080000000, 0x0000000080100000, 0x0000000080100000|100%|HS|  |TAMS 0x0000000080100000, 0x0000000080000000| Complete 
|   1|0x0000000080100000, 0x0000000080200000, 0x0000000080200000|100%|HC|  |TAMS 0x0000000080200000, 0x0000000080100000| Complete 
|   2|0x0000000080200000, 0x0000000080300000, 0x0000000080300000|100%|HC|  |TAMS 0x0000000080300000, 0x0000000080200000| Complete 
|   3|0x0000000080300000, 0x0000000080400000, 0x0000000080400000|100%|HC|  |TAMS 0x0000000080400000, 0x0000000080300000| Complete 
|   4|0x0000000080400000, 0x0000000080500000, 0x0000000080500000|100%| O|  |TAMS 0x0000000080500000, 0x0000000080400000| Untracked 
|   5|0x0000000080500000, 0x0000000080600000, 0x0000000080600000|100%| O|  |TAMS 0x0000000080600000, 0x0000000080500000| Untracked 
|   6|0x0000000080600000, 0x0000000080700000, 0x0000000080700000|100%| O|  |TAMS 0x0000000080700000, 0x0000000080600000| Untracked 
|   7|0x0000000080700000, 0x0000000080800000, 0x0000000080800000|100%| O|  |TAMS 0x0000000080800000, 0x0000000080700000| Untracked 
|   8|0x0000000080800000, 0x0000000080900000, 0x0000000080900000|100%| O|  |TAMS 0x0000000080900000, 0x0000000080800000| Untracked 
|   9|0x0000000080900000, 0x0000000080a00000, 0x0000000080a00000|100%| O|  |TAMS 0x0000000080a00000, 0x0000000080900000| Untracked 
|  10|0x0000000080a00000, 0x0000000080b00000, 0x0000000080b00000|100%| O|  |TAMS 0x0000000080b00000, 0x0000000080a00000| Untracked 
|  11|0x0000000080b00000, 0x0000000080c00000, 0x0000000080c00000|100%| O|  |TAMS 0x0000000080c00000, 0x0000000080b00000| Untracked 
|  12|0x0000000080c00000, 0x0000000080d00000, 0x0000000080d00000|100%| O|  |TAMS 0x0000000080d00000, 0x0000000080c00000| Untracked 
|  13|0x0000000080d00000, 0x0000000080e00000, 0x0000000080e00000|100%| O|  |TAMS 0x0000000080e00000, 0x0000000080d00000| Untracked 
|  14|0x0000000080e00000, 0x0000000080f00000, 0x0000000080f00000|100%| O|  |TAMS 0x0000000080f00000, 0x0000000080e00000| Untracked 
|  15|0x0000000080f00000, 0x0000000081000000, 0x0000000081000000|100%| O|  |TAMS 0x0000000081000000, 0x0000000080f00000| Untracked 
|  16|0x0000000081000000, 0x0000000081100000, 0x0000000081100000|100%| O|  |TAMS 0x0000000081100000, 0x0000000081000000| Untracked 
|  17|0x0000000081100000, 0x0000000081200000, 0x0000000081200000|100%| O|  |TAMS 0x0000000081200000, 0x0000000081100000| Untracked 
|  18|0x0000000081200000, 0x0000000081300000, 0x0000000081300000|100%| O|  |TAMS 0x0000000081300000, 0x0000000081200000| Untracked 
|  19|0x0000000081300000, 0x0000000081400000, 0x0000000081400000|100%| O|  |TAMS 0x0000000081400000, 0x0000000081300000| Untracked 
|  20|0x0000000081400000, 0x0000000081500000, 0x0000000081500000|100%| O|  |TAMS 0x0000000081500000, 0x0000000081400000| Untracked 
|  21|0x0000000081500000, 0x0000000081600000, 0x0000000081600000|100%| O|  |TAMS 0x0000000081600000, 0x0000000081500000| Untracked 
|  22|0x0000000081600000, 0x0000000081700000, 0x0000000081700000|100%| O|  |TAMS 0x0000000081700000, 0x0000000081600000| Untracked 
|  23|0x0000000081700000, 0x0000000081800000, 0x0000000081800000|100%| O|  |TAMS 0x0000000081800000, 0x0000000081700000| Untracked 
|  24|0x0000000081800000, 0x0000000081900000, 0x0000000081900000|100%| O|  |TAMS 0x0000000081900000, 0x0000000081800000| Untracked 
|  25|0x0000000081900000, 0x0000000081a00000, 0x0000000081a00000|100%| O|  |TAMS 0x0000000081a00000, 0x0000000081900000| Untracked 
|  26|0x0000000081a00000, 0x0000000081b00000, 0x0000000081b00000|100%| O|  |TAMS 0x0000000081b00000, 0x0000000081a00000| Untracked 
|  27|0x0000000081b00000, 0x0000000081c00000, 0x0000000081c00000|100%| O|  |TAMS 0x0000000081c00000, 0x0000000081b00000| Untracked 
|  28|0x0000000081c00000, 0x0000000081d00000, 0x0000000081d00000|100%| O|  |TAMS 0x0000000081d00000, 0x0000000081c00000| Untracked 
|  29|0x0000000081d00000, 0x0000000081e00000, 0x0000000081e00000|100%|HS|  |TAMS 0x0000000081e00000, 0x0000000081d00000| Complete 
|  30|0x0000000081e00000, 0x0000000081f00000, 0x0000000081f00000|100%|HC|  |TAMS 0x0000000081f00000, 0x0000000081e00000| Complete 
|  31|0x0000000081f00000, 0x0000000082000000, 0x0000000082000000|100%| O|  |TAMS 0x0000000082000000, 0x0000000081f00000| Untracked 
|  32|0x0000000082000000, 0x0000000082100000, 0x0000000082100000|100%|HS|  |TAMS 0x0000000082000000, 0x0000000082000000| Complete 
|  33|0x0000000082100000, 0x0000000082200000, 0x0000000082200000|100%|HS|  |TAMS 0x0000000082200000, 0x0000000082100000| Complete 
|  34|0x0000000082200000, 0x0000000082300000, 0x0000000082300000|100%|HC|  |TAMS 0x0000000082300000, 0x0000000082200000| Complete 
|  35|0x0000000082300000, 0x0000000082400000, 0x0000000082400000|100%|HS|  |TAMS 0x0000000082400000, 0x0000000082300000| Complete 
|  36|0x0000000082400000, 0x0000000082500000, 0x0000000082500000|100%|HC|  |TAMS 0x0000000082500000, 0x0000000082400000| Complete 
|  37|0x0000000082500000, 0x0000000082600000, 0x0000000082600000|100%|HC|  |TAMS 0x0000000082600000, 0x0000000082500000| Complete 
|  38|0x0000000082600000, 0x0000000082700000, 0x0000000082700000|100%|HC|  |TAMS 0x0000000082700000, 0x0000000082600000| Complete 
|  39|0x0000000082700000, 0x0000000082800000, 0x0000000082800000|100%| O|  |TAMS 0x0000000082800000, 0x0000000082700000| Untracked 
|  40|0x0000000082800000, 0x0000000082900000, 0x0000000082900000|100%|HS|  |TAMS 0x0000000082900000, 0x0000000082800000| Complete 
|  41|0x0000000082900000, 0x0000000082a00000, 0x0000000082a00000|100%|HC|  |TAMS 0x0000000082a00000, 0x0000000082900000| Complete 
|  42|0x0000000082a00000, 0x0000000082b00000, 0x0000000082b00000|100%|HC|  |TAMS 0x0000000082b00000, 0x0000000082a00000| Complete 
|  43|0x0000000082b00000, 0x0000000082c00000, 0x0000000082c00000|100%|HC|  |TAMS 0x0000000082c00000, 0x0000000082b00000| Complete 
|  44|0x0000000082c00000, 0x0000000082d00000, 0x0000000082d00000|100%| O|  |TAMS 0x0000000082d00000, 0x0000000082c00000| Untracked 
|  45|0x0000000082d00000, 0x0000000082e00000, 0x0000000082e00000|100%| O|  |TAMS 0x0000000082e00000, 0x0000000082d00000| Untracked 
|  46|0x0000000082e00000, 0x0000000082f00000, 0x0000000082f00000|100%| O|  |TAMS 0x0000000082f00000, 0x0000000082e00000| Untracked 
|  47|0x0000000082f00000, 0x0000000083000000, 0x0000000083000000|100%| O|  |TAMS 0x0000000083000000, 0x0000000082f00000| Untracked 
|  48|0x0000000083000000, 0x0000000083100000, 0x0000000083100000|100%| O|  |TAMS 0x0000000083100000, 0x0000000083000000| Untracked 
|  49|0x0000000083100000, 0x0000000083200000, 0x0000000083200000|100%| O|  |TAMS 0x0000000083200000, 0x0000000083100000| Untracked 
|  50|0x0000000083200000, 0x0000000083300000, 0x0000000083300000|100%| O|  |TAMS 0x0000000083300000, 0x0000000083200000| Untracked 
|  51|0x0000000083300000, 0x0000000083400000, 0x0000000083400000|100%| O|  |TAMS 0x0000000083400000, 0x0000000083300000| Untracked 
|  52|0x0000000083400000, 0x0000000083500000, 0x0000000083500000|100%| O|  |TAMS 0x0000000083500000, 0x0000000083400000| Untracked 
|  53|0x0000000083500000, 0x0000000083600000, 0x0000000083600000|100%| O|  |TAMS 0x0000000083600000, 0x0000000083500000| Untracked 
|  54|0x0000000083600000, 0x0000000083700000, 0x0000000083700000|100%| O|  |TAMS 0x0000000083700000, 0x0000000083600000| Untracked 
|  55|0x0000000083700000, 0x0000000083800000, 0x0000000083800000|100%| O|  |TAMS 0x0000000083800000, 0x0000000083700000| Untracked 
|  56|0x0000000083800000, 0x0000000083900000, 0x0000000083900000|100%|HS|  |TAMS 0x0000000083900000, 0x0000000083800000| Complete 
|  57|0x0000000083900000, 0x0000000083a00000, 0x0000000083a00000|100%|HS|  |TAMS 0x0000000083a00000, 0x0000000083900000| Complete 
|  58|0x0000000083a00000, 0x0000000083b00000, 0x0000000083b00000|100%|HS|  |TAMS 0x0000000083b00000, 0x0000000083a00000| Complete 
|  59|0x0000000083b00000, 0x0000000083c00000, 0x0000000083c00000|100%| O|  |TAMS 0x0000000083c00000, 0x0000000083b00000| Untracked 
|  60|0x0000000083c00000, 0x0000000083d00000, 0x0000000083d00000|100%|HS|  |TAMS 0x0000000083d00000, 0x0000000083c00000| Complete 
|  61|0x0000000083d00000, 0x0000000083e00000, 0x0000000083e00000|100%| O|  |TAMS 0x0000000083e00000, 0x0000000083d00000| Untracked 
|  62|0x0000000083e00000, 0x0000000083f00000, 0x0000000083f00000|100%| O|  |TAMS 0x0000000083f00000, 0x0000000083e00000| Untracked 
|  63|0x0000000083f00000, 0x0000000084000000, 0x0000000084000000|100%| O|  |TAMS 0x0000000084000000, 0x0000000083f00000| Untracked 
|  64|0x0000000084000000, 0x0000000084100000, 0x0000000084100000|100%| O|  |TAMS 0x0000000084100000, 0x0000000084000000| Untracked 
|  65|0x0000000084100000, 0x0000000084200000, 0x0000000084200000|100%| O|  |TAMS 0x0000000084200000, 0x0000000084100000| Untracked 
|  66|0x0000000084200000, 0x0000000084300000, 0x0000000084300000|100%| O|  |TAMS 0x0000000084300000, 0x0000000084200000| Untracked 
|  67|0x0000000084300000, 0x0000000084400000, 0x0000000084400000|100%| O|  |TAMS 0x0000000084400000, 0x0000000084300000| Untracked 
|  68|0x0000000084400000, 0x0000000084500000, 0x0000000084500000|100%| O|  |TAMS 0x0000000084500000, 0x0000000084400000| Untracked 
|  69|0x0000000084500000, 0x0000000084600000, 0x0000000084600000|100%| O|  |TAMS 0x0000000084600000, 0x0000000084500000| Untracked 
|  70|0x0000000084600000, 0x0000000084700000, 0x0000000084700000|100%| O|  |TAMS 0x0000000084700000, 0x0000000084600000| Untracked 
|  71|0x0000000084700000, 0x0000000084800000, 0x0000000084800000|100%| O|  |TAMS 0x0000000084800000, 0x0000000084700000| Untracked 
|  72|0x0000000084800000, 0x0000000084900000, 0x0000000084900000|100%| O|  |TAMS 0x0000000084900000, 0x0000000084800000| Untracked 
|  73|0x0000000084900000, 0x0000000084a00000, 0x0000000084a00000|100%| O|  |TAMS 0x0000000084a00000, 0x0000000084900000| Untracked 
|  74|0x0000000084a00000, 0x0000000084b00000, 0x0000000084b00000|100%| O|  |TAMS 0x0000000084b00000, 0x0000000084a00000| Untracked 
|  75|0x0000000084b00000, 0x0000000084c00000, 0x0000000084c00000|100%| O|  |TAMS 0x0000000084c00000, 0x0000000084b00000| Untracked 
|  76|0x0000000084c00000, 0x0000000084d00000, 0x0000000084d00000|100%| O|  |TAMS 0x0000000084d00000, 0x0000000084c00000| Untracked 
|  77|0x0000000084d00000, 0x0000000084e00000, 0x0000000084e00000|100%| O|  |TAMS 0x0000000084e00000, 0x0000000084d00000| Untracked 
|  78|0x0000000084e00000, 0x0000000084f00000, 0x0000000084f00000|100%| O|  |TAMS 0x0000000084e00000, 0x0000000084e00000| Untracked 
|  79|0x0000000084f00000, 0x0000000085000000, 0x0000000085000000|100%| O|  |TAMS 0x0000000085000000, 0x0000000084f00000| Untracked 
|  80|0x0000000085000000, 0x0000000085100000, 0x0000000085100000|100%| O|  |TAMS 0x0000000085100000, 0x0000000085000000| Untracked 
|  81|0x0000000085100000, 0x0000000085200000, 0x0000000085200000|100%| O|  |TAMS 0x0000000085200000, 0x0000000085100000| Untracked 
|  82|0x0000000085200000, 0x0000000085300000, 0x0000000085300000|100%| O|  |TAMS 0x0000000085300000, 0x0000000085200000| Untracked 
|  83|0x0000000085300000, 0x0000000085400000, 0x0000000085400000|100%| O|  |TAMS 0x0000000085400000, 0x0000000085300000| Untracked 
|  84|0x0000000085400000, 0x0000000085500000, 0x0000000085500000|100%| O|  |TAMS 0x0000000085500000, 0x0000000085400000| Untracked 
|  85|0x0000000085500000, 0x0000000085600000, 0x0000000085600000|100%| O|  |TAMS 0x0000000085600000, 0x0000000085500000| Untracked 
|  86|0x0000000085600000, 0x0000000085700000, 0x0000000085700000|100%| O|  |TAMS 0x0000000085700000, 0x0000000085600000| Untracked 
|  87|0x0000000085700000, 0x0000000085797800, 0x0000000085800000| 59%| O|  |TAMS 0x0000000085797800, 0x0000000085700000| Untracked 
|  88|0x0000000085800000, 0x0000000085900000, 0x0000000085900000|100%|HS|  |TAMS 0x0000000085800000, 0x0000000085800000| Complete 
|  89|0x0000000085900000, 0x0000000085a00000, 0x0000000085a00000|100%| O|  |TAMS 0x0000000085900000, 0x0000000085900000| Untracked 
|  90|0x0000000085a00000, 0x0000000085b00000, 0x0000000085b00000|100%| O|  |TAMS 0x0000000085a00000, 0x0000000085a00000| Untracked 
|  91|0x0000000085b00000, 0x0000000085c00000, 0x0000000085c00000|100%| O|  |TAMS 0x0000000085b00000, 0x0000000085b00000| Untracked 
|  92|0x0000000085c00000, 0x0000000085d00000, 0x0000000085d00000|100%| O|  |TAMS 0x0000000085c00000, 0x0000000085c00000| Untracked 
|  93|0x0000000085d00000, 0x0000000085e00000, 0x0000000085e00000|100%| O|  |TAMS 0x0000000085d00000, 0x0000000085d00000| Untracked 
|  94|0x0000000085e00000, 0x0000000085f00000, 0x0000000085f00000|100%| O|  |TAMS 0x0000000085e00000, 0x0000000085e00000| Untracked 
|  95|0x0000000085f00000, 0x0000000086000000, 0x0000000086000000|100%| O|  |TAMS 0x0000000085f00000, 0x0000000085f00000| Untracked 
|  96|0x0000000086000000, 0x0000000086100000, 0x0000000086100000|100%| O|  |TAMS 0x0000000086000000, 0x0000000086000000| Untracked 
|  97|0x0000000086100000, 0x0000000086200000, 0x0000000086200000|100%| O|  |TAMS 0x0000000086100000, 0x0000000086100000| Untracked 
|  98|0x0000000086200000, 0x0000000086300000, 0x0000000086300000|100%| O|  |TAMS 0x0000000086200000, 0x0000000086200000| Untracked 
|  99|0x0000000086300000, 0x0000000086400000, 0x0000000086400000|100%| O|  |TAMS 0x0000000086300000, 0x0000000086300000| Untracked 
| 100|0x0000000086400000, 0x0000000086500000, 0x0000000086500000|100%| O|  |TAMS 0x0000000086400000, 0x0000000086400000| Untracked 
| 101|0x0000000086500000, 0x0000000086600000, 0x0000000086600000|100%| O|  |TAMS 0x0000000086500000, 0x0000000086500000| Untracked 
| 102|0x0000000086600000, 0x0000000086700000, 0x0000000086700000|100%|HS|  |TAMS 0x0000000086600000, 0x0000000086600000| Complete 
| 103|0x0000000086700000, 0x0000000086800000, 0x0000000086800000|100%|HC|  |TAMS 0x0000000086700000, 0x0000000086700000| Complete 
| 104|0x0000000086800000, 0x0000000086900000, 0x0000000086900000|100%|HS|  |TAMS 0x0000000086800000, 0x0000000086800000| Complete 
| 105|0x0000000086900000, 0x0000000086a00000, 0x0000000086a00000|100%|HS|  |TAMS 0x0000000086900000, 0x0000000086900000| Complete 
| 106|0x0000000086a00000, 0x0000000086b00000, 0x0000000086b00000|100%|HS|  |TAMS 0x0000000086a00000, 0x0000000086a00000| Complete 
| 107|0x0000000086b00000, 0x0000000086c00000, 0x0000000086c00000|100%| O|  |TAMS 0x0000000086b00000, 0x0000000086b00000| Untracked 
| 108|0x0000000086c00000, 0x0000000086d00000, 0x0000000086d00000|100%| O|  |TAMS 0x0000000086c00000, 0x0000000086c00000| Untracked 
| 109|0x0000000086d00000, 0x0000000086e00000, 0x0000000086e00000|100%| O|  |TAMS 0x0000000086d00000, 0x0000000086d00000| Untracked 
| 110|0x0000000086e00000, 0x0000000086f00000, 0x0000000086f00000|100%| O|  |TAMS 0x0000000086e00000, 0x0000000086e00000| Untracked 
| 111|0x0000000086f00000, 0x0000000087000000, 0x0000000087000000|100%| O|  |TAMS 0x0000000086f00000, 0x0000000086f00000| Untracked 
| 112|0x0000000087000000, 0x0000000087100000, 0x0000000087100000|100%| O|  |TAMS 0x0000000087000000, 0x0000000087000000| Untracked 
| 113|0x0000000087100000, 0x0000000087200000, 0x0000000087200000|100%| O|  |TAMS 0x0000000087100000, 0x0000000087100000| Untracked 
| 114|0x0000000087200000, 0x0000000087300000, 0x0000000087300000|100%| O|  |TAMS 0x0000000087200000, 0x0000000087200000| Untracked 
| 115|0x0000000087300000, 0x0000000087400000, 0x0000000087400000|100%| O|  |TAMS 0x0000000087300000, 0x0000000087300000| Untracked 
| 116|0x0000000087400000, 0x0000000087500000, 0x0000000087500000|100%| O|  |TAMS 0x0000000087400000, 0x0000000087400000| Untracked 
| 117|0x0000000087500000, 0x0000000087600000, 0x0000000087600000|100%| O|  |TAMS 0x0000000087500000, 0x0000000087500000| Untracked 
| 118|0x0000000087600000, 0x0000000087700000, 0x0000000087700000|100%| O|  |TAMS 0x0000000087600000, 0x0000000087600000| Untracked 
| 119|0x0000000087700000, 0x0000000087800000, 0x0000000087800000|100%| O|  |TAMS 0x0000000087700000, 0x0000000087700000| Untracked 
| 120|0x0000000087800000, 0x0000000087900000, 0x0000000087900000|100%| O|  |TAMS 0x0000000087800000, 0x0000000087800000| Untracked 
| 121|0x0000000087900000, 0x0000000087a00000, 0x0000000087a00000|100%| O|  |TAMS 0x0000000087900000, 0x0000000087900000| Untracked 
| 122|0x0000000087a00000, 0x0000000087b00000, 0x0000000087b00000|100%| O|  |TAMS 0x0000000087a00000, 0x0000000087a00000| Untracked 
| 123|0x0000000087b00000, 0x0000000087c00000, 0x0000000087c00000|100%| O|  |TAMS 0x0000000087b00000, 0x0000000087b00000| Untracked 
| 124|0x0000000087c00000, 0x0000000087d00000, 0x0000000087d00000|100%| O|  |TAMS 0x0000000087c00000, 0x0000000087c00000| Untracked 
| 125|0x0000000087d00000, 0x0000000087e00000, 0x0000000087e00000|100%| O|  |TAMS 0x0000000087d00000, 0x0000000087d00000| Untracked 
| 126|0x0000000087e00000, 0x0000000087f00000, 0x0000000087f00000|100%| O|  |TAMS 0x0000000087e00000, 0x0000000087e00000| Untracked 
| 127|0x0000000087f00000, 0x0000000088000000, 0x0000000088000000|100%| O|  |TAMS 0x0000000087f00000, 0x0000000087f00000| Untracked 
| 128|0x0000000088000000, 0x0000000088100000, 0x0000000088100000|100%| O|  |TAMS 0x0000000088000000, 0x0000000088000000| Untracked 
| 129|0x0000000088100000, 0x0000000088200000, 0x0000000088200000|100%| O|  |TAMS 0x0000000088100000, 0x0000000088100000| Untracked 
| 130|0x0000000088200000, 0x0000000088300000, 0x0000000088300000|100%| O|  |TAMS 0x0000000088200000, 0x0000000088200000| Untracked 
| 131|0x0000000088300000, 0x0000000088400000, 0x0000000088400000|100%| O|  |TAMS 0x0000000088300000, 0x0000000088300000| Untracked 
| 132|0x0000000088400000, 0x0000000088500000, 0x0000000088500000|100%| O|  |TAMS 0x0000000088400000, 0x0000000088400000| Untracked 
| 133|0x0000000088500000, 0x0000000088600000, 0x0000000088600000|100%| O|  |TAMS 0x0000000088500000, 0x0000000088500000| Untracked 
| 134|0x0000000088600000, 0x0000000088700000, 0x0000000088700000|100%| O|  |TAMS 0x0000000088600000, 0x0000000088600000| Untracked 
| 135|0x0000000088700000, 0x0000000088800000, 0x0000000088800000|100%| O|  |TAMS 0x0000000088700000, 0x0000000088700000| Untracked 
| 136|0x0000000088800000, 0x0000000088900000, 0x0000000088900000|100%| O|  |TAMS 0x0000000088800000, 0x0000000088800000| Untracked 
| 137|0x0000000088900000, 0x0000000088a00000, 0x0000000088a00000|100%| O|  |TAMS 0x0000000088900000, 0x0000000088900000| Untracked 
| 138|0x0000000088a00000, 0x0000000088b00000, 0x0000000088b00000|100%| O|  |TAMS 0x0000000088a00000, 0x0000000088a00000| Untracked 
| 139|0x0000000088b00000, 0x0000000088c00000, 0x0000000088c00000|100%| O|  |TAMS 0x0000000088b00000, 0x0000000088b00000| Untracked 
| 140|0x0000000088c00000, 0x0000000088d00000, 0x0000000088d00000|100%| O|  |TAMS 0x0000000088c00000, 0x0000000088c00000| Untracked 
| 141|0x0000000088d00000, 0x0000000088e00000, 0x0000000088e00000|100%| O|  |TAMS 0x0000000088d00000, 0x0000000088d00000| Untracked 
| 142|0x0000000088e00000, 0x0000000088f00000, 0x0000000088f00000|100%| O|  |TAMS 0x0000000088e00000, 0x0000000088e00000| Untracked 
| 143|0x0000000088f00000, 0x0000000089000000, 0x0000000089000000|100%| O|  |TAMS 0x0000000088f00000, 0x0000000088f00000| Untracked 
| 144|0x0000000089000000, 0x0000000089000000, 0x0000000089100000|  0%| F|  |TAMS 0x0000000089000000, 0x0000000089000000| Untracked 
| 145|0x0000000089100000, 0x0000000089100000, 0x0000000089200000|  0%| F|  |TAMS 0x0000000089100000, 0x0000000089100000| Untracked 
| 146|0x0000000089200000, 0x0000000089200000, 0x0000000089300000|  0%| F|  |TAMS 0x0000000089200000, 0x0000000089200000| Untracked 
| 147|0x0000000089300000, 0x0000000089300000, 0x0000000089400000|  0%| F|  |TAMS 0x0000000089300000, 0x0000000089300000| Untracked 
| 148|0x0000000089400000, 0x0000000089400000, 0x0000000089500000|  0%| F|  |TAMS 0x0000000089400000, 0x0000000089400000| Untracked 
| 149|0x0000000089500000, 0x0000000089500000, 0x0000000089600000|  0%| F|  |TAMS 0x0000000089500000, 0x0000000089500000| Untracked 
| 150|0x0000000089600000, 0x0000000089700000, 0x0000000089700000|100%| O|  |TAMS 0x0000000089600000, 0x0000000089600000| Untracked 
| 151|0x0000000089700000, 0x0000000089800000, 0x0000000089800000|100%| O|  |TAMS 0x0000000089700000, 0x0000000089700000| Untracked 
| 152|0x0000000089800000, 0x0000000089900000, 0x0000000089900000|100%| O|  |TAMS 0x0000000089800000, 0x0000000089800000| Untracked 
| 153|0x0000000089900000, 0x0000000089a00000, 0x0000000089a00000|100%| O|  |TAMS 0x0000000089900000, 0x0000000089900000| Untracked 
| 154|0x0000000089a00000, 0x0000000089b00000, 0x0000000089b00000|100%| O|  |TAMS 0x0000000089a00000, 0x0000000089a00000| Untracked 
| 155|0x0000000089b00000, 0x0000000089c00000, 0x0000000089c00000|100%| O|  |TAMS 0x0000000089b00000, 0x0000000089b00000| Untracked 
| 156|0x0000000089c00000, 0x0000000089c94200, 0x0000000089d00000| 57%| O|  |TAMS 0x0000000089c00000, 0x0000000089c00000| Untracked 
| 157|0x0000000089d00000, 0x0000000089d00000, 0x0000000089e00000|  0%| F|  |TAMS 0x0000000089d00000, 0x0000000089d00000| Untracked 
| 158|0x0000000089e00000, 0x0000000089e00000, 0x0000000089f00000|  0%| F|  |TAMS 0x0000000089e00000, 0x0000000089e00000| Untracked 
| 159|0x0000000089f00000, 0x0000000089f00000, 0x000000008a000000|  0%| F|  |TAMS 0x0000000089f00000, 0x0000000089f00000| Untracked 
| 160|0x000000008a000000, 0x000000008a100000, 0x000000008a100000|100%| O|  |TAMS 0x000000008a000000, 0x000000008a000000| Untracked 
| 161|0x000000008a100000, 0x000000008a200000, 0x000000008a200000|100%| O|  |TAMS 0x000000008a100000, 0x000000008a100000| Untracked 
| 162|0x000000008a200000, 0x000000008a300000, 0x000000008a300000|100%| O|  |TAMS 0x000000008a200000, 0x000000008a200000| Untracked 
| 163|0x000000008a300000, 0x000000008a400000, 0x000000008a400000|100%| O|  |TAMS 0x000000008a300000, 0x000000008a300000| Untracked 
| 164|0x000000008a400000, 0x000000008a500000, 0x000000008a500000|100%| O|  |TAMS 0x000000008a400000, 0x000000008a400000| Untracked 
| 165|0x000000008a500000, 0x000000008a600000, 0x000000008a600000|100%| O|  |TAMS 0x000000008a500000, 0x000000008a500000| Untracked 
| 166|0x000000008a600000, 0x000000008a700000, 0x000000008a700000|100%| O|  |TAMS 0x000000008a600000, 0x000000008a600000| Untracked 
| 167|0x000000008a700000, 0x000000008a800000, 0x000000008a800000|100%| O|  |TAMS 0x000000008a700000, 0x000000008a700000| Untracked 
| 168|0x000000008a800000, 0x000000008a900000, 0x000000008a900000|100%| O|  |TAMS 0x000000008a800000, 0x000000008a800000| Untracked 
| 169|0x000000008a900000, 0x000000008aa00000, 0x000000008aa00000|100%| O|  |TAMS 0x000000008a900000, 0x000000008a900000| Untracked 
| 170|0x000000008aa00000, 0x000000008ab00000, 0x000000008ab00000|100%| O|  |TAMS 0x000000008aa00000, 0x000000008aa00000| Untracked 
| 171|0x000000008ab00000, 0x000000008ac00000, 0x000000008ac00000|100%| O|  |TAMS 0x000000008ab00000, 0x000000008ab00000| Untracked 
| 172|0x000000008ac00000, 0x000000008ad00000, 0x000000008ad00000|100%| O|  |TAMS 0x000000008ac00000, 0x000000008ac00000| Untracked 
| 173|0x000000008ad00000, 0x000000008ae00000, 0x000000008ae00000|100%| O|  |TAMS 0x000000008ad00000, 0x000000008ad00000| Untracked 
| 174|0x000000008ae00000, 0x000000008af00000, 0x000000008af00000|100%| O|  |TAMS 0x000000008ae00000, 0x000000008ae00000| Untracked 
| 175|0x000000008af00000, 0x000000008b000000, 0x000000008b000000|100%| O|  |TAMS 0x000000008af00000, 0x000000008af00000| Untracked 
| 176|0x000000008b000000, 0x000000008b100000, 0x000000008b100000|100%| O|  |TAMS 0x000000008b000000, 0x000000008b000000| Untracked 
| 177|0x000000008b100000, 0x000000008b100000, 0x000000008b200000|  0%| F|  |TAMS 0x000000008b100000, 0x000000008b100000| Untracked 
| 178|0x000000008b200000, 0x000000008b200000, 0x000000008b300000|  0%| F|  |TAMS 0x000000008b200000, 0x000000008b200000| Untracked 
| 179|0x000000008b300000, 0x000000008b300000, 0x000000008b400000|  0%| F|  |TAMS 0x000000008b300000, 0x000000008b300000| Untracked 
| 180|0x000000008b400000, 0x000000008b400000, 0x000000008b500000|  0%| F|  |TAMS 0x000000008b400000, 0x000000008b400000| Untracked 
| 181|0x000000008b500000, 0x000000008b500000, 0x000000008b600000|  0%| F|  |TAMS 0x000000008b500000, 0x000000008b500000| Untracked 
| 182|0x000000008b600000, 0x000000008b600000, 0x000000008b700000|  0%| F|  |TAMS 0x000000008b600000, 0x000000008b600000| Untracked 
| 183|0x000000008b700000, 0x000000008b700000, 0x000000008b800000|  0%| F|  |TAMS 0x000000008b700000, 0x000000008b700000| Untracked 
| 184|0x000000008b800000, 0x000000008b800000, 0x000000008b900000|  0%| F|  |TAMS 0x000000008b800000, 0x000000008b800000| Untracked 
| 185|0x000000008b900000, 0x000000008b900000, 0x000000008ba00000|  0%| F|  |TAMS 0x000000008b900000, 0x000000008b900000| Untracked 
| 186|0x000000008ba00000, 0x000000008ba00000, 0x000000008bb00000|  0%| F|  |TAMS 0x000000008ba00000, 0x000000008ba00000| Untracked 
| 187|0x000000008bb00000, 0x000000008bb00000, 0x000000008bc00000|  0%| F|  |TAMS 0x000000008bb00000, 0x000000008bb00000| Untracked 
| 188|0x000000008bc00000, 0x000000008bc00000, 0x000000008bd00000|  0%| F|  |TAMS 0x000000008bc00000, 0x000000008bc00000| Untracked 
| 189|0x000000008bd00000, 0x000000008bd00000, 0x000000008be00000|  0%| F|  |TAMS 0x000000008bd00000, 0x000000008bd00000| Untracked 
| 190|0x000000008be00000, 0x000000008be00000, 0x000000008bf00000|  0%| F|  |TAMS 0x000000008be00000, 0x000000008be00000| Untracked 
| 191|0x000000008bf00000, 0x000000008bf00000, 0x000000008c000000|  0%| F|  |TAMS 0x000000008bf00000, 0x000000008bf00000| Untracked 
| 192|0x000000008c000000, 0x000000008c000000, 0x000000008c100000|  0%| F|  |TAMS 0x000000008c000000, 0x000000008c000000| Untracked 
| 193|0x000000008c100000, 0x000000008c100000, 0x000000008c200000|  0%| F|  |TAMS 0x000000008c100000, 0x000000008c100000| Untracked 
| 194|0x000000008c200000, 0x000000008c200000, 0x000000008c300000|  0%| F|  |TAMS 0x000000008c200000, 0x000000008c200000| Untracked 
| 195|0x000000008c300000, 0x000000008c300000, 0x000000008c400000|  0%| F|  |TAMS 0x000000008c300000, 0x000000008c300000| Untracked 
| 196|0x000000008c400000, 0x000000008c400000, 0x000000008c500000|  0%| F|  |TAMS 0x000000008c400000, 0x000000008c400000| Untracked 
| 197|0x000000008c500000, 0x000000008c500000, 0x000000008c600000|  0%| F|  |TAMS 0x000000008c500000, 0x000000008c500000| Untracked 
| 198|0x000000008c600000, 0x000000008c600000, 0x000000008c700000|  0%| F|  |TAMS 0x000000008c600000, 0x000000008c600000| Untracked 
| 199|0x000000008c700000, 0x000000008c700000, 0x000000008c800000|  0%| F|  |TAMS 0x000000008c700000, 0x000000008c700000| Untracked 
| 200|0x000000008c800000, 0x000000008c800000, 0x000000008c900000|  0%| F|  |TAMS 0x000000008c800000, 0x000000008c800000| Untracked 
| 201|0x000000008c900000, 0x000000008c900000, 0x000000008ca00000|  0%| F|  |TAMS 0x000000008c900000, 0x000000008c900000| Untracked 
| 202|0x000000008ca00000, 0x000000008ca00000, 0x000000008cb00000|  0%| F|  |TAMS 0x000000008ca00000, 0x000000008ca00000| Untracked 
| 203|0x000000008cb00000, 0x000000008cb00000, 0x000000008cc00000|  0%| F|  |TAMS 0x000000008cb00000, 0x000000008cb00000| Untracked 
| 204|0x000000008cc00000, 0x000000008cc00000, 0x000000008cd00000|  0%| F|  |TAMS 0x000000008cc00000, 0x000000008cc00000| Untracked 
| 205|0x000000008cd00000, 0x000000008cd00000, 0x000000008ce00000|  0%| F|  |TAMS 0x000000008cd00000, 0x000000008cd00000| Untracked 
| 206|0x000000008ce00000, 0x000000008ce00000, 0x000000008cf00000|  0%| F|  |TAMS 0x000000008ce00000, 0x000000008ce00000| Untracked 
| 207|0x000000008cf00000, 0x000000008cf00000, 0x000000008d000000|  0%| F|  |TAMS 0x000000008cf00000, 0x000000008cf00000| Untracked 
| 208|0x000000008d000000, 0x000000008d000000, 0x000000008d100000|  0%| F|  |TAMS 0x000000008d000000, 0x000000008d000000| Untracked 
| 209|0x000000008d100000, 0x000000008d100000, 0x000000008d200000|  0%| F|  |TAMS 0x000000008d100000, 0x000000008d100000| Untracked 
| 210|0x000000008d200000, 0x000000008d200000, 0x000000008d300000|  0%| F|  |TAMS 0x000000008d200000, 0x000000008d200000| Untracked 
| 211|0x000000008d300000, 0x000000008d300000, 0x000000008d400000|  0%| F|  |TAMS 0x000000008d300000, 0x000000008d300000| Untracked 
| 212|0x000000008d400000, 0x000000008d400000, 0x000000008d500000|  0%| F|  |TAMS 0x000000008d400000, 0x000000008d400000| Untracked 
| 213|0x000000008d500000, 0x000000008d600000, 0x000000008d600000|100%| S|CS|TAMS 0x000000008d500000, 0x000000008d500000| Complete 
| 214|0x000000008d600000, 0x000000008d700000, 0x000000008d700000|100%| S|CS|TAMS 0x000000008d600000, 0x000000008d600000| Complete 
| 215|0x000000008d700000, 0x000000008d800000, 0x000000008d800000|100%| S|CS|TAMS 0x000000008d700000, 0x000000008d700000| Complete 
| 216|0x000000008d800000, 0x000000008d800000, 0x000000008d900000|  0%| F|  |TAMS 0x000000008d800000, 0x000000008d800000| Untracked 
| 217|0x000000008d900000, 0x000000008da00000, 0x000000008da00000|100%| S|CS|TAMS 0x000000008d900000, 0x000000008d900000| Complete 
| 218|0x000000008da00000, 0x000000008db00000, 0x000000008db00000|100%| S|CS|TAMS 0x000000008da00000, 0x000000008da00000| Complete 
| 219|0x000000008db00000, 0x000000008dc00000, 0x000000008dc00000|100%| S|CS|TAMS 0x000000008db00000, 0x000000008db00000| Complete 
| 220|0x000000008dc00000, 0x000000008dd00000, 0x000000008dd00000|100%| S|CS|TAMS 0x000000008dc00000, 0x000000008dc00000| Complete 
| 221|0x000000008dd00000, 0x000000008dd00000, 0x000000008de00000|  0%| F|  |TAMS 0x000000008dd00000, 0x000000008dd00000| Untracked 
| 222|0x000000008de00000, 0x000000008de00000, 0x000000008df00000|  0%| F|  |TAMS 0x000000008de00000, 0x000000008de00000| Untracked 
| 223|0x000000008df00000, 0x000000008df00000, 0x000000008e000000|  0%| F|  |TAMS 0x000000008df00000, 0x000000008df00000| Untracked 
| 224|0x000000008e000000, 0x000000008e000000, 0x000000008e100000|  0%| F|  |TAMS 0x000000008e000000, 0x000000008e000000| Untracked 
| 225|0x000000008e100000, 0x000000008e100000, 0x000000008e200000|  0%| F|  |TAMS 0x000000008e100000, 0x000000008e100000| Untracked 
| 226|0x000000008e200000, 0x000000008e300000, 0x000000008e300000|100%| S|CS|TAMS 0x000000008e200000, 0x000000008e200000| Complete 
| 227|0x000000008e300000, 0x000000008e400000, 0x000000008e400000|100%| S|CS|TAMS 0x000000008e300000, 0x000000008e300000| Complete 
| 228|0x000000008e400000, 0x000000008e500000, 0x000000008e500000|100%| S|CS|TAMS 0x000000008e400000, 0x000000008e400000| Complete 
| 229|0x000000008e500000, 0x000000008e500000, 0x000000008e600000|  0%| F|  |TAMS 0x000000008e500000, 0x000000008e500000| Untracked 
| 230|0x000000008e600000, 0x000000008e600000, 0x000000008e700000|  0%| F|  |TAMS 0x000000008e600000, 0x000000008e600000| Untracked 
| 231|0x000000008e700000, 0x000000008e700000, 0x000000008e800000|  0%| F|  |TAMS 0x000000008e700000, 0x000000008e700000| Untracked 
| 232|0x000000008e800000, 0x000000008e800000, 0x000000008e900000|  0%| F|  |TAMS 0x000000008e800000, 0x000000008e800000| Untracked 
| 233|0x000000008e900000, 0x000000008e900000, 0x000000008ea00000|  0%| F|  |TAMS 0x000000008e900000, 0x000000008e900000| Untracked 
| 234|0x000000008ea00000, 0x000000008ea00000, 0x000000008eb00000|  0%| F|  |TAMS 0x000000008ea00000, 0x000000008ea00000| Untracked 
| 235|0x000000008eb00000, 0x000000008eb00000, 0x000000008ec00000|  0%| F|  |TAMS 0x000000008eb00000, 0x000000008eb00000| Untracked 
| 236|0x000000008ec00000, 0x000000008ec00000, 0x000000008ed00000|  0%| F|  |TAMS 0x000000008ec00000, 0x000000008ec00000| Untracked 
| 237|0x000000008ed00000, 0x000000008ed00000, 0x000000008ee00000|  0%| F|  |TAMS 0x000000008ed00000, 0x000000008ed00000| Untracked 
| 238|0x000000008ee00000, 0x000000008ee00000, 0x000000008ef00000|  0%| F|  |TAMS 0x000000008ee00000, 0x000000008ee00000| Untracked 
| 239|0x000000008ef00000, 0x000000008ef00000, 0x000000008f000000|  0%| F|  |TAMS 0x000000008ef00000, 0x000000008ef00000| Untracked 
| 240|0x000000008f000000, 0x000000008f000000, 0x000000008f100000|  0%| F|  |TAMS 0x000000008f000000, 0x000000008f000000| Untracked 
| 241|0x000000008f100000, 0x000000008f100000, 0x000000008f200000|  0%| F|  |TAMS 0x000000008f100000, 0x000000008f100000| Untracked 
| 242|0x000000008f200000, 0x000000008f200000, 0x000000008f300000|  0%| F|  |TAMS 0x000000008f200000, 0x000000008f200000| Untracked 
| 243|0x000000008f300000, 0x000000008f300000, 0x000000008f400000|  0%| F|  |TAMS 0x000000008f300000, 0x000000008f300000| Untracked 
| 244|0x000000008f400000, 0x000000008f400000, 0x000000008f500000|  0%| F|  |TAMS 0x000000008f400000, 0x000000008f400000| Untracked 
| 245|0x000000008f500000, 0x000000008f500000, 0x000000008f600000|  0%| F|  |TAMS 0x000000008f500000, 0x000000008f500000| Untracked 
| 246|0x000000008f600000, 0x000000008f600000, 0x000000008f700000|  0%| F|  |TAMS 0x000000008f600000, 0x000000008f600000| Untracked 
| 247|0x000000008f700000, 0x000000008f700000, 0x000000008f800000|  0%| F|  |TAMS 0x000000008f700000, 0x000000008f700000| Untracked 
| 248|0x000000008f800000, 0x000000008f800000, 0x000000008f900000|  0%| F|  |TAMS 0x000000008f800000, 0x000000008f800000| Untracked 
| 249|0x000000008f900000, 0x000000008f900000, 0x000000008fa00000|  0%| F|  |TAMS 0x000000008f900000, 0x000000008f900000| Untracked 
| 250|0x000000008fa00000, 0x000000008fa00000, 0x000000008fb00000|  0%| F|  |TAMS 0x000000008fa00000, 0x000000008fa00000| Untracked 
| 251|0x000000008fb00000, 0x000000008fb00000, 0x000000008fc00000|  0%| F|  |TAMS 0x000000008fb00000, 0x000000008fb00000| Untracked 
| 252|0x000000008fc00000, 0x000000008fc00000, 0x000000008fd00000|  0%| F|  |TAMS 0x000000008fc00000, 0x000000008fc00000| Untracked 
| 253|0x000000008fd00000, 0x000000008fd00000, 0x000000008fe00000|  0%| F|  |TAMS 0x000000008fd00000, 0x000000008fd00000| Untracked 
| 254|0x000000008fe00000, 0x000000008fe00000, 0x000000008ff00000|  0%| F|  |TAMS 0x000000008fe00000, 0x000000008fe00000| Untracked 
| 255|0x000000008ff00000, 0x000000008ff00000, 0x0000000090000000|  0%| F|  |TAMS 0x000000008ff00000, 0x000000008ff00000| Untracked 
| 256|0x0000000090000000, 0x0000000090000000, 0x0000000090100000|  0%| F|  |TAMS 0x0000000090000000, 0x0000000090000000| Untracked 
| 257|0x0000000090100000, 0x0000000090100000, 0x0000000090200000|  0%| F|  |TAMS 0x0000000090100000, 0x0000000090100000| Untracked 
| 258|0x0000000090200000, 0x0000000090200000, 0x0000000090300000|  0%| F|  |TAMS 0x0000000090200000, 0x0000000090200000| Untracked 
| 259|0x0000000090300000, 0x0000000090300000, 0x0000000090400000|  0%| F|  |TAMS 0x0000000090300000, 0x0000000090300000| Untracked 
| 260|0x0000000090400000, 0x0000000090400000, 0x0000000090500000|  0%| F|  |TAMS 0x0000000090400000, 0x0000000090400000| Untracked 
| 261|0x0000000090500000, 0x0000000090500000, 0x0000000090600000|  0%| F|  |TAMS 0x0000000090500000, 0x0000000090500000| Untracked 
| 262|0x0000000090600000, 0x0000000090600000, 0x0000000090700000|  0%| F|  |TAMS 0x0000000090600000, 0x0000000090600000| Untracked 
| 263|0x0000000090700000, 0x0000000090700000, 0x0000000090800000|  0%| F|  |TAMS 0x0000000090700000, 0x0000000090700000| Untracked 
| 264|0x0000000090800000, 0x0000000090800000, 0x0000000090900000|  0%| F|  |TAMS 0x0000000090800000, 0x0000000090800000| Untracked 
| 265|0x0000000090900000, 0x0000000090900000, 0x0000000090a00000|  0%| F|  |TAMS 0x0000000090900000, 0x0000000090900000| Untracked 
| 266|0x0000000090a00000, 0x0000000090a00000, 0x0000000090b00000|  0%| F|  |TAMS 0x0000000090a00000, 0x0000000090a00000| Untracked 
| 267|0x0000000090b00000, 0x0000000090b00000, 0x0000000090c00000|  0%| F|  |TAMS 0x0000000090b00000, 0x0000000090b00000| Untracked 
| 268|0x0000000090c00000, 0x0000000090c00000, 0x0000000090d00000|  0%| F|  |TAMS 0x0000000090c00000, 0x0000000090c00000| Untracked 
| 269|0x0000000090d00000, 0x0000000090d00000, 0x0000000090e00000|  0%| F|  |TAMS 0x0000000090d00000, 0x0000000090d00000| Untracked 
| 270|0x0000000090e00000, 0x0000000090e00000, 0x0000000090f00000|  0%| F|  |TAMS 0x0000000090e00000, 0x0000000090e00000| Untracked 
| 271|0x0000000090f00000, 0x0000000090f00000, 0x0000000091000000|  0%| F|  |TAMS 0x0000000090f00000, 0x0000000090f00000| Untracked 
| 272|0x0000000091000000, 0x0000000091000000, 0x0000000091100000|  0%| F|  |TAMS 0x0000000091000000, 0x0000000091000000| Untracked 
| 273|0x0000000091100000, 0x0000000091100000, 0x0000000091200000|  0%| F|  |TAMS 0x0000000091100000, 0x0000000091100000| Untracked 
| 274|0x0000000091200000, 0x0000000091200000, 0x0000000091300000|  0%| F|  |TAMS 0x0000000091200000, 0x0000000091200000| Untracked 
| 275|0x0000000091300000, 0x0000000091300000, 0x0000000091400000|  0%| F|  |TAMS 0x0000000091300000, 0x0000000091300000| Untracked 
| 276|0x0000000091400000, 0x0000000091400000, 0x0000000091500000|  0%| F|  |TAMS 0x0000000091400000, 0x0000000091400000| Untracked 
| 277|0x0000000091500000, 0x0000000091500000, 0x0000000091600000|  0%| F|  |TAMS 0x0000000091500000, 0x0000000091500000| Untracked 
| 278|0x0000000091600000, 0x0000000091600000, 0x0000000091700000|  0%| F|  |TAMS 0x0000000091600000, 0x0000000091600000| Untracked 
| 279|0x0000000091700000, 0x0000000091700000, 0x0000000091800000|  0%| F|  |TAMS 0x0000000091700000, 0x0000000091700000| Untracked 
| 280|0x0000000091800000, 0x0000000091800000, 0x0000000091900000|  0%| F|  |TAMS 0x0000000091800000, 0x0000000091800000| Untracked 
| 281|0x0000000091900000, 0x0000000091900000, 0x0000000091a00000|  0%| F|  |TAMS 0x0000000091900000, 0x0000000091900000| Untracked 
| 282|0x0000000091a00000, 0x0000000091a00000, 0x0000000091b00000|  0%| F|  |TAMS 0x0000000091a00000, 0x0000000091a00000| Untracked 
| 283|0x0000000091b00000, 0x0000000091b00000, 0x0000000091c00000|  0%| F|  |TAMS 0x0000000091b00000, 0x0000000091b00000| Untracked 
| 284|0x0000000091c00000, 0x0000000091c00000, 0x0000000091d00000|  0%| F|  |TAMS 0x0000000091c00000, 0x0000000091c00000| Untracked 
| 285|0x0000000091d00000, 0x0000000091d00000, 0x0000000091e00000|  0%| F|  |TAMS 0x0000000091d00000, 0x0000000091d00000| Untracked 
| 286|0x0000000091e00000, 0x0000000091e00000, 0x0000000091f00000|  0%| F|  |TAMS 0x0000000091e00000, 0x0000000091e00000| Untracked 
| 287|0x0000000091f00000, 0x0000000091f00000, 0x0000000092000000|  0%| F|  |TAMS 0x0000000091f00000, 0x0000000091f00000| Untracked 
| 288|0x0000000092000000, 0x0000000092000000, 0x0000000092100000|  0%| F|  |TAMS 0x0000000092000000, 0x0000000092000000| Untracked 
| 289|0x0000000092100000, 0x0000000092100000, 0x0000000092200000|  0%| F|  |TAMS 0x0000000092100000, 0x0000000092100000| Untracked 
| 290|0x0000000092200000, 0x0000000092200000, 0x0000000092300000|  0%| F|  |TAMS 0x0000000092200000, 0x0000000092200000| Untracked 
| 291|0x0000000092300000, 0x0000000092300000, 0x0000000092400000|  0%| F|  |TAMS 0x0000000092300000, 0x0000000092300000| Untracked 
| 292|0x0000000092400000, 0x0000000092400000, 0x0000000092500000|  0%| F|  |TAMS 0x0000000092400000, 0x0000000092400000| Untracked 
| 293|0x0000000092500000, 0x0000000092500000, 0x0000000092600000|  0%| F|  |TAMS 0x0000000092500000, 0x0000000092500000| Untracked 
| 294|0x0000000092600000, 0x0000000092600000, 0x0000000092700000|  0%| F|  |TAMS 0x0000000092600000, 0x0000000092600000| Untracked 
| 295|0x0000000092700000, 0x0000000092700000, 0x0000000092800000|  0%| F|  |TAMS 0x0000000092700000, 0x0000000092700000| Untracked 
| 296|0x0000000092800000, 0x0000000092800000, 0x0000000092900000|  0%| F|  |TAMS 0x0000000092800000, 0x0000000092800000| Untracked 
| 297|0x0000000092900000, 0x0000000092900000, 0x0000000092a00000|  0%| F|  |TAMS 0x0000000092900000, 0x0000000092900000| Untracked 
| 298|0x0000000092a00000, 0x0000000092a00000, 0x0000000092b00000|  0%| F|  |TAMS 0x0000000092a00000, 0x0000000092a00000| Untracked 
| 299|0x0000000092b00000, 0x0000000092b00000, 0x0000000092c00000|  0%| F|  |TAMS 0x0000000092b00000, 0x0000000092b00000| Untracked 
| 300|0x0000000092c00000, 0x0000000092c00000, 0x0000000092d00000|  0%| F|  |TAMS 0x0000000092c00000, 0x0000000092c00000| Untracked 
| 301|0x0000000092d00000, 0x0000000092d00000, 0x0000000092e00000|  0%| F|  |TAMS 0x0000000092d00000, 0x0000000092d00000| Untracked 
| 302|0x0000000092e00000, 0x0000000092e00000, 0x0000000092f00000|  0%| F|  |TAMS 0x0000000092e00000, 0x0000000092e00000| Untracked 
| 303|0x0000000092f00000, 0x0000000092f00000, 0x0000000093000000|  0%| F|  |TAMS 0x0000000092f00000, 0x0000000092f00000| Untracked 
| 304|0x0000000093000000, 0x0000000093000000, 0x0000000093100000|  0%| F|  |TAMS 0x0000000093000000, 0x0000000093000000| Untracked 
| 305|0x0000000093100000, 0x000000009319eae8, 0x0000000093200000| 61%| E|  |TAMS 0x0000000093100000, 0x0000000093100000| Complete 
| 306|0x0000000093200000, 0x0000000093300000, 0x0000000093300000|100%| E|CS|TAMS 0x0000000093200000, 0x0000000093200000| Complete 
| 307|0x0000000093300000, 0x0000000093400000, 0x0000000093400000|100%| E|CS|TAMS 0x0000000093300000, 0x0000000093300000| Complete 
| 308|0x0000000093400000, 0x0000000093500000, 0x0000000093500000|100%| E|CS|TAMS 0x0000000093400000, 0x0000000093400000| Complete 
| 309|0x0000000093500000, 0x0000000093600000, 0x0000000093600000|100%| E|CS|TAMS 0x0000000093500000, 0x0000000093500000| Complete 
| 310|0x0000000093600000, 0x0000000093700000, 0x0000000093700000|100%| E|CS|TAMS 0x0000000093600000, 0x0000000093600000| Complete 
| 311|0x0000000093700000, 0x0000000093800000, 0x0000000093800000|100%| E|CS|TAMS 0x0000000093700000, 0x0000000093700000| Complete 
| 323|0x0000000094300000, 0x0000000094400000, 0x0000000094400000|100%| E|CS|TAMS 0x0000000094300000, 0x0000000094300000| Complete 
| 324|0x0000000094400000, 0x0000000094500000, 0x0000000094500000|100%| E|CS|TAMS 0x0000000094400000, 0x0000000094400000| Complete 
| 325|0x0000000094500000, 0x0000000094600000, 0x0000000094600000|100%| E|CS|TAMS 0x0000000094500000, 0x0000000094500000| Complete 
| 326|0x0000000094600000, 0x0000000094700000, 0x0000000094700000|100%| E|CS|TAMS 0x0000000094600000, 0x0000000094600000| Complete 
| 327|0x0000000094700000, 0x0000000094800000, 0x0000000094800000|100%| E|CS|TAMS 0x0000000094700000, 0x0000000094700000| Complete 

Card table byte_map: [0x000001f0ad490000,0x000001f0ad890000] _byte_map_base: 0x000001f0ad090000

Marking Bits (Prev, Next): (CMBitMap*) 0x000001f0962ccb90, (CMBitMap*) 0x000001f0962ccb50
 Prev Bits: [0x000001f0afc90000, 0x000001f0b1c90000)
 Next Bits: [0x000001f0adc90000, 0x000001f0afc90000)

Polling page: 0x000001f0941a0000

Metaspace:

Usage:
  Non-class:     85.28 MB used.
      Class:     13.76 MB used.
       Both:     99.04 MB used.

Virtual space:
  Non-class space:      128.00 MB reserved,      85.81 MB ( 67%) committed,  2 nodes.
      Class space:      416.00 MB reserved,      14.25 MB (  3%) committed,  1 nodes.
             Both:      544.00 MB reserved,     100.06 MB ( 18%) committed. 

Chunk freelists:
   Non-Class:  9.89 MB
       Class:  1.67 MB
        Both:  11.56 MB

MaxMetaspaceSize: 512.00 MB
CompressedClassSpaceSize: 416.00 MB
Initial GC threshold: 21.00 MB
Current GC threshold: 130.12 MB
CDS: on
MetaspaceReclaimPolicy: balanced
 - commit_granule_bytes: 65536.
 - commit_granule_words: 8192.
 - virtual_space_node_default_size: 8388608.
 - enlarge_chunks_in_place: 1.
 - new_chunks_are_fully_committed: 0.
 - uncommit_free_chunks: 1.
 - use_allocation_guard: 0.
 - handle_deallocations: 1.


Internal statistics:

num_allocs_failed_limit: 6.
num_arena_births: 1308.
num_arena_deaths: 0.
num_vsnodes_births: 3.
num_vsnodes_deaths: 0.
num_space_committed: 1600.
num_space_uncommitted: 0.
num_chunks_returned_to_freelist: 6.
num_chunks_taken_from_freelist: 5791.
num_chunk_merges: 6.
num_chunk_splits: 3707.
num_chunks_enlarged: 2336.
num_inconsistent_stats: 0.

CodeHeap 'non-profiled nmethods': size=120000Kb used=9443Kb max_used=9443Kb free=110556Kb
 bounds [0x000001f0a5830000, 0x000001f0a6170000, 0x000001f0acd60000]
CodeHeap 'profiled nmethods': size=120000Kb used=27112Kb max_used=27112Kb free=92887Kb
 bounds [0x000001f09dd60000, 0x000001f09f7e0000, 0x000001f0a5290000]
CodeHeap 'non-nmethods': size=5760Kb used=2412Kb max_used=2474Kb free=3347Kb
 bounds [0x000001f0a5290000, 0x000001f0a5510000, 0x000001f0a5830000]
 total_blobs=15028 nmethods=14093 adapters=847
 compilation: enabled
              stopped_count=0, restarted_count=0
 full_count=0

Compilation events (20 events):
Event: 865.329 Thread 0x000001f0b46f7390 16416       3       org.gradle.api.internal.collections.CollectionFilter::<init> (9 bytes)
Event: 865.329 Thread 0x000001f0b46f7390 nmethod 16416 0x000001f09f7c3190 code [0x000001f09f7c3340, 0x000001f09f7c3698]
Event: 865.329 Thread 0x000001f0b46f7390 16417       3       org.gradle.api.internal.AbstractNamedDomainObjectContainer::create (15 bytes)
Event: 865.330 Thread 0x000001f0b46f7390 nmethod 16417 0x000001f09f7c3810 code [0x000001f09f7c39e0, 0x000001f09f7c3e28]
Event: 865.334 Thread 0x000001f0b46f7390 16419       3       org.gradle.api.internal.tasks.DefaultTaskContainer::registerTask (72 bytes)
Event: 865.336 Thread 0x000001f0b46f7390 nmethod 16419 0x000001f09f7c3f90 code [0x000001f09f7c41c0, 0x000001f09f7c4aa8]
Event: 865.336 Thread 0x000001f0b46f7390 16420       3       org.gradle.api.internal.tasks.DefaultTaskContainer$3::<init> (26 bytes)
Event: 865.336 Thread 0x000001f0b46f7390 nmethod 16420 0x000001f09f7c4e10 code [0x000001f09f7c4fc0, 0x000001f09f7c5298]
Event: 865.337 Thread 0x000001f0b46f7390 16423       3       org.gradle.internal.operations.DefaultBuildOperationRunner::execute (147 bytes)
Event: 865.341 Thread 0x000001f0b46f7390 nmethod 16423 0x000001f09f7c5390 code [0x000001f09f7c5660, 0x000001f09f7c67a8]
Event: 865.341 Thread 0x000001f0b46f7390 16421       3       org.apache.commons.lang.text.StrBuilder::<init> (19 bytes)
Event: 865.341 Thread 0x000001f0b46f7390 nmethod 16421 0x000001f09f7c6f90 code [0x000001f09f7c7140, 0x000001f09f7c73f8]
Event: 865.341 Thread 0x000001f0b46f7390 16422       3       org.apache.commons.lang.text.StrBuilder::append (32 bytes)
Event: 865.341 Thread 0x000001f0b46f7390 nmethod 16422 0x000001f09f7c7510 code [0x000001f09f7c76c0, 0x000001f09f7c7888]
Event: 865.341 Thread 0x000001f0b46f7390 16424       3       java.lang.Character::toTitleCase (6 bytes)
Event: 865.341 Thread 0x000001f0b46f7390 nmethod 16424 0x000001f09f7c7990 code [0x000001f09f7c7b40, 0x000001f09f7c7d98]
Event: 865.341 Thread 0x000001f0b46f7390 16425       3       java.lang.Character::toTitleCase (9 bytes)
Event: 865.341 Thread 0x000001f0b46f7390 nmethod 16425 0x000001f09f7c7e90 code [0x000001f09f7c8040, 0x000001f09f7c8238]
Event: 865.341 Thread 0x000001f0b46f7390 16426       3       org.gradle.api.internal.collections.CollectionFilter::filtered (10 bytes)
Event: 865.341 Thread 0x000001f0b46f7390 nmethod 16426 0x000001f09f7c8310 code [0x000001f09f7c84c0, 0x000001f09f7c8798]

GC Heap History (20 events):
Event: 12.365 GC heap before
{Heap before GC invocations=27 (full 0):
 garbage-first heap   total 167936K, used 134856K [0x0000000080000000, 0x0000000100000000)
  region size 1024K, 46 young (47104K), 1 survivors (1024K)
 Metaspace       used 78871K, committed 79616K, reserved 557056K
  class space    used 11016K, committed 11392K, reserved 425984K
}
Event: 12.369 GC heap after
{Heap after GC invocations=28 (full 0):
 garbage-first heap   total 335872K, used 91510K [0x0000000080000000, 0x0000000100000000)
  region size 1024K, 3 young (3072K), 3 survivors (3072K)
 Metaspace       used 78871K, committed 79616K, reserved 557056K
  class space    used 11016K, committed 11392K, reserved 425984K
}
Event: 13.532 GC heap before
{Heap before GC invocations=29 (full 0):
 garbage-first heap   total 324608K, used 238966K [0x0000000080000000, 0x0000000100000000)
  region size 1024K, 147 young (150528K), 3 survivors (3072K)
 Metaspace       used 86506K, committed 87296K, reserved 557056K
  class space    used 12190K, committed 12608K, reserved 425984K
}
Event: 13.544 GC heap after
{Heap after GC invocations=30 (full 0):
 garbage-first heap   total 324608K, used 100394K [0x0000000080000000, 0x0000000100000000)
  region size 1024K, 12 young (12288K), 12 survivors (12288K)
 Metaspace       used 86506K, committed 87296K, reserved 557056K
  class space    used 12190K, committed 12608K, reserved 425984K
}
Event: 13.594 GC heap before
{Heap before GC invocations=30 (full 0):
 garbage-first heap   total 324608K, used 104490K [0x0000000080000000, 0x0000000100000000)
  region size 1024K, 15 young (15360K), 12 survivors (12288K)
 Metaspace       used 86532K, committed 87360K, reserved 557056K
  class space    used 12194K, committed 12608K, reserved 425984K
}
Event: 13.602 GC heap after
{Heap after GC invocations=31 (full 0):
 garbage-first heap   total 324608K, used 104413K [0x0000000080000000, 0x0000000100000000)
  region size 1024K, 2 young (2048K), 2 survivors (2048K)
 Metaspace       used 86532K, committed 87360K, reserved 557056K
  class space    used 12194K, committed 12608K, reserved 425984K
}
Event: 15.055 GC heap before
{Heap before GC invocations=31 (full 0):
 garbage-first heap   total 324608K, used 259037K [0x0000000080000000, 0x0000000100000000)
  region size 1024K, 148 young (151552K), 2 survivors (2048K)
 Metaspace       used 91823K, committed 92736K, reserved 557056K
  class space    used 12982K, committed 13376K, reserved 425984K
}
Event: 15.071 GC heap after
{Heap after GC invocations=32 (full 0):
 garbage-first heap   total 324608K, used 133145K [0x0000000080000000, 0x0000000100000000)
  region size 1024K, 19 young (19456K), 19 survivors (19456K)
 Metaspace       used 91823K, committed 92736K, reserved 557056K
  class space    used 12982K, committed 13376K, reserved 425984K
}
Event: 16.074 GC heap before
{Heap before GC invocations=32 (full 0):
 garbage-first heap   total 324608K, used 249881K [0x0000000080000000, 0x0000000100000000)
  region size 1024K, 133 young (136192K), 19 survivors (19456K)
 Metaspace       used 96377K, committed 97408K, reserved 557056K
  class space    used 13523K, committed 14016K, reserved 425984K
}
Event: 16.089 GC heap after
{Heap after GC invocations=33 (full 0):
 garbage-first heap   total 324608K, used 146624K [0x0000000080000000, 0x0000000100000000)
  region size 1024K, 12 young (12288K), 12 survivors (12288K)
 Metaspace       used 96377K, committed 97408K, reserved 557056K
  class space    used 13523K, committed 14016K, reserved 425984K
}
Event: 16.734 GC heap before
{Heap before GC invocations=33 (full 0):
 garbage-first heap   total 324608K, used 253120K [0x0000000080000000, 0x0000000100000000)
  region size 1024K, 117 young (119808K), 12 survivors (12288K)
 Metaspace       used 97595K, committed 98560K, reserved 557056K
  class space    used 13722K, committed 14208K, reserved 425984K
}
Event: 16.751 GC heap after
{Heap after GC invocations=34 (full 0):
 garbage-first heap   total 324608K, used 155263K [0x0000000080000000, 0x0000000100000000)
  region size 1024K, 9 young (9216K), 9 survivors (9216K)
 Metaspace       used 97595K, committed 98560K, reserved 557056K
  class space    used 13722K, committed 14208K, reserved 425984K
}
Event: 17.638 GC heap before
{Heap before GC invocations=34 (full 0):
 garbage-first heap   total 324608K, used 273023K [0x0000000080000000, 0x0000000100000000)
  region size 1024K, 109 young (111616K), 9 survivors (9216K)
 Metaspace       used 97909K, committed 98880K, reserved 557056K
  class space    used 13746K, committed 14208K, reserved 425984K
}
Event: 17.650 GC heap after
{Heap after GC invocations=35 (full 0):
 garbage-first heap   total 324608K, used 163827K [0x0000000080000000, 0x0000000100000000)
  region size 1024K, 9 young (9216K), 9 survivors (9216K)
 Metaspace       used 97909K, committed 98880K, reserved 557056K
  class space    used 13746K, committed 14208K, reserved 425984K
}
Event: 18.202 GC heap before
{Heap before GC invocations=35 (full 0):
 garbage-first heap   total 324608K, used 277491K [0x0000000080000000, 0x0000000100000000)
  region size 1024K, 105 young (107520K), 9 survivors (9216K)
 Metaspace       used 98187K, committed 99200K, reserved 557056K
  class space    used 13775K, committed 14272K, reserved 425984K
}
Event: 18.213 GC heap after
{Heap after GC invocations=36 (full 0):
 garbage-first heap   total 324608K, used 171399K [0x0000000080000000, 0x0000000100000000)
  region size 1024K, 8 young (8192K), 8 survivors (8192K)
 Metaspace       used 98187K, committed 99200K, reserved 557056K
  class space    used 13775K, committed 14272K, reserved 425984K
}
Event: 18.629 GC heap before
{Heap before GC invocations=36 (full 0):
 garbage-first heap   total 324608K, used 269703K [0x0000000080000000, 0x0000000100000000)
  region size 1024K, 99 young (101376K), 8 survivors (8192K)
 Metaspace       used 98281K, committed 99264K, reserved 557056K
  class space    used 13779K, committed 14272K, reserved 425984K
}
Event: 18.638 GC heap after
{Heap after GC invocations=37 (full 0):
 garbage-first heap   total 324608K, used 178525K [0x0000000080000000, 0x0000000100000000)
  region size 1024K, 6 young (6144K), 6 survivors (6144K)
 Metaspace       used 98281K, committed 99264K, reserved 557056K
  class space    used 13779K, committed 14272K, reserved 425984K
}
Event: 864.951 GC heap before
{Heap before GC invocations=37 (full 0):
 garbage-first heap   total 324608K, used 274781K [0x0000000080000000, 0x0000000100000000)
  region size 1024K, 94 young (96256K), 6 survivors (6144K)
 Metaspace       used 101288K, committed 102336K, reserved 557056K
  class space    used 14085K, committed 14592K, reserved 425984K
}
Event: 865.052 GC heap after
{Heap after GC invocations=38 (full 0):
 garbage-first heap   total 324608K, used 181422K [0x0000000080000000, 0x0000000100000000)
  region size 1024K, 10 young (10240K), 10 survivors (10240K)
 Metaspace       used 101288K, committed 102336K, reserved 557056K
  class space    used 14085K, committed 14592K, reserved 425984K
}

Dll operation events (14 events):
Event: 0.007 Loaded shared library C:\Program Files\Microsoft\jdk-17.0.8.7-hotspot\bin\java.dll
Event: 0.022 Loaded shared library C:\Program Files\Microsoft\jdk-17.0.8.7-hotspot\bin\jsvml.dll
Event: 0.052 Loaded shared library C:\Program Files\Microsoft\jdk-17.0.8.7-hotspot\bin\zip.dll
Event: 0.054 Loaded shared library C:\Program Files\Microsoft\jdk-17.0.8.7-hotspot\bin\instrument.dll
Event: 0.057 Loaded shared library C:\Program Files\Microsoft\jdk-17.0.8.7-hotspot\bin\net.dll
Event: 0.058 Loaded shared library C:\Program Files\Microsoft\jdk-17.0.8.7-hotspot\bin\nio.dll
Event: 0.061 Loaded shared library C:\Program Files\Microsoft\jdk-17.0.8.7-hotspot\bin\zip.dll
Event: 0.182 Loaded shared library C:\Program Files\Microsoft\jdk-17.0.8.7-hotspot\bin\jimage.dll
Event: 0.229 Loaded shared library C:\Program Files\Microsoft\jdk-17.0.8.7-hotspot\bin\verify.dll
Event: 0.338 Loaded shared library C:\Users\Lenovo\.gradle\native\68d5fa5c4cc2d200863cafc0d521ce42e7d3e7ee720ec0a83991735586a16f82\windows-amd64\native-platform.dll
Event: 0.349 Loaded shared library C:\Users\Lenovo\.gradle\native\e376f236ea51e6404a007f0833ffe2c6e607c4080706a723a18a27aeea778392\windows-amd64\native-platform-file-events.dll
Event: 0.966 Loaded shared library C:\Program Files\Microsoft\jdk-17.0.8.7-hotspot\bin\management.dll
Event: 0.967 Loaded shared library C:\Program Files\Microsoft\jdk-17.0.8.7-hotspot\bin\management_ext.dll
Event: 1.227 Loaded shared library C:\Program Files\Microsoft\jdk-17.0.8.7-hotspot\bin\sunmscapi.dll

Deoptimization events (20 events):
Event: 865.260 Thread 0x000001f0d81538c0 Uncommon trap: trap_request=0xffffffc6 fr.pc=0x000001f0a60259a0 relative=0x0000000000007460
Event: 865.260 Thread 0x000001f0d81538c0 Uncommon trap: reason=bimorphic_or_optimized_type_check action=maybe_recompile pc=0x000001f0a60259a0 method=org.gradle.api.internal.artifacts.ivyservice.ivyresolve.RepositoryChainArtifactResolver.resolveArtifact(Lorg/gradle/internal/component/model/Compon
Event: 865.260 Thread 0x000001f0d81538c0 DEOPT PACKING pc=0x000001f0a60259a0 sp=0x000000c9da7f7f80
Event: 865.260 Thread 0x000001f0d81538c0 DEOPT UNPACKING pc=0x000001f0a52ea1a3 sp=0x000000c9da7f7bf8 mode 2
Event: 865.332 Thread 0x000001f0d81538c0 Uncommon trap: trap_request=0xffffff66 fr.pc=0x000001f0a6080084 relative=0x00000000000000e4
Event: 865.332 Thread 0x000001f0d81538c0 Uncommon trap: reason=speculate_class_check action=maybe_recompile pc=0x000001f0a6080084 method=java.util.regex.Pattern$CharPredicate.lambda$negate$3(I)Z @ 2 c2
Event: 865.332 Thread 0x000001f0d81538c0 DEOPT PACKING pc=0x000001f0a6080084 sp=0x000000c9da7f54a0
Event: 865.332 Thread 0x000001f0d81538c0 DEOPT UNPACKING pc=0x000001f0a52ea1a3 sp=0x000000c9da7f53d0 mode 2
Event: 865.332 Thread 0x000001f0d81538c0 Uncommon trap: trap_request=0xffffff66 fr.pc=0x000001f0a6080084 relative=0x00000000000000e4
Event: 865.332 Thread 0x000001f0d81538c0 Uncommon trap: reason=speculate_class_check action=maybe_recompile pc=0x000001f0a6080084 method=java.util.regex.Pattern$CharPredicate.lambda$negate$3(I)Z @ 2 c2
Event: 865.332 Thread 0x000001f0d81538c0 DEOPT PACKING pc=0x000001f0a6080084 sp=0x000000c9da7f54a0
Event: 865.332 Thread 0x000001f0d81538c0 DEOPT UNPACKING pc=0x000001f0a52ea1a3 sp=0x000000c9da7f53d0 mode 2
Event: 865.332 Thread 0x000001f0d81538c0 Uncommon trap: trap_request=0xffffff66 fr.pc=0x000001f0a6080084 relative=0x00000000000000e4
Event: 865.332 Thread 0x000001f0d81538c0 Uncommon trap: reason=speculate_class_check action=maybe_recompile pc=0x000001f0a6080084 method=java.util.regex.Pattern$CharPredicate.lambda$negate$3(I)Z @ 2 c2
Event: 865.332 Thread 0x000001f0d81538c0 DEOPT PACKING pc=0x000001f0a6080084 sp=0x000000c9da7f54a0
Event: 865.332 Thread 0x000001f0d81538c0 DEOPT UNPACKING pc=0x000001f0a52ea1a3 sp=0x000000c9da7f53d0 mode 2
Event: 865.332 Thread 0x000001f0d81538c0 Uncommon trap: trap_request=0xffffff66 fr.pc=0x000001f0a6080084 relative=0x00000000000000e4
Event: 865.332 Thread 0x000001f0d81538c0 Uncommon trap: reason=speculate_class_check action=maybe_recompile pc=0x000001f0a6080084 method=java.util.regex.Pattern$CharPredicate.lambda$negate$3(I)Z @ 2 c2
Event: 865.332 Thread 0x000001f0d81538c0 DEOPT PACKING pc=0x000001f0a6080084 sp=0x000000c9da7f54a0
Event: 865.332 Thread 0x000001f0d81538c0 DEOPT UNPACKING pc=0x000001f0a52ea1a3 sp=0x000000c9da7f53d0 mode 2

Classes unloaded (0 events):
No events

Classes redefined (0 events):
No events

Internal exceptions (20 events):
Event: 19.956 Thread 0x000001f0d8156140 Exception <a 'java/lang/NoSuchMethodError'{0x00000000919700b8}: 'java.lang.Object java.lang.invoke.Invokers$Holder.invokeExact_MT(java.lang.Object, java.lang.Object, java.lang.Object, int, java.lang.Object, java.lang.Object)'> (0x00000000919700b8) 
thrown [s\src\hotspot\share\interpreter\linkResolver.cpp, line 759]
Event: 20.140 Thread 0x000001f0d8156140 Exception <a 'java/lang/NoSuchMethodError'{0x0000000090f19f30}: 'void java.lang.invoke.DirectMethodHandle$Holder.invokeStatic(java.lang.Object, java.lang.Object, java.lang.Object, int, java.lang.Object, java.lang.Object, java.lang.Object)'> (0x0000000090f19f30) 
thrown [s\src\hotspot\share\interpreter\linkResolver.cpp, line 759]
Event: 23.552 Thread 0x000001f0d6c82830 Implicit null exception at 0x000001f0a5ef3594 to 0x000001f0a5ef4e54
Event: 23.557 Thread 0x000001f0d6c82830 Exception <a 'java/lang/NoSuchMethodError'{0x0000000090c753e0}: 'void java.lang.invoke.DirectMethodHandle$Holder.invokeSpecial(java.lang.Object, java.lang.Object, int)'> (0x0000000090c753e0) 
thrown [s\src\hotspot\share\interpreter\linkResolver.cpp, line 759]
Event: 23.607 Thread 0x000001f0d6c82830 Implicit null exception at 0x000001f0a5dc128f to 0x000001f0a5dc12dc
Event: 862.650 Thread 0x000001f0d81538c0 Implicit null exception at 0x000001f0a5ca88b1 to 0x000001f0a5cafb74
Event: 863.049 Thread 0x000001f0d81538c0 Exception <a 'sun/nio/fs/WindowsException'{0x000000008eb4afa8}> (0x000000008eb4afa8) 
thrown [s\src\hotspot\share\prims\jni.cpp, line 516]
Event: 863.052 Thread 0x000001f0d81538c0 Exception <a 'sun/nio/fs/WindowsException'{0x000000008eb4c530}> (0x000000008eb4c530) 
thrown [s\src\hotspot\share\prims\jni.cpp, line 516]
Event: 863.052 Thread 0x000001f0d81538c0 Exception <a 'sun/nio/fs/WindowsException'{0x000000008eb4dab8}> (0x000000008eb4dab8) 
thrown [s\src\hotspot\share\prims\jni.cpp, line 516]
Event: 863.053 Thread 0x000001f0d81538c0 Exception <a 'sun/nio/fs/WindowsException'{0x000000008eb4f030}> (0x000000008eb4f030) 
thrown [s\src\hotspot\share\prims\jni.cpp, line 516]
Event: 864.736 Thread 0x000001f0d81538c0 Exception <a 'sun/nio/fs/WindowsException'{0x000000008ea52360}> (0x000000008ea52360) 
thrown [s\src\hotspot\share\prims\jni.cpp, line 516]
Event: 864.737 Thread 0x000001f0d81538c0 Exception <a 'sun/nio/fs/WindowsException'{0x000000008ea53b90}> (0x000000008ea53b90) 
thrown [s\src\hotspot\share\prims\jni.cpp, line 516]
Event: 864.738 Thread 0x000001f0d81538c0 Exception <a 'sun/nio/fs/WindowsException'{0x000000008ea553c0}> (0x000000008ea553c0) 
thrown [s\src\hotspot\share\prims\jni.cpp, line 516]
Event: 864.738 Thread 0x000001f0d81538c0 Exception <a 'sun/nio/fs/WindowsException'{0x000000008ea56be0}> (0x000000008ea56be0) 
thrown [s\src\hotspot\share\prims\jni.cpp, line 516]
Event: 865.116 Thread 0x000001f0d81538c0 Exception <a 'sun/nio/fs/WindowsException'{0x000000009370f890}> (0x000000009370f890) 
thrown [s\src\hotspot\share\prims\jni.cpp, line 516]
Event: 865.116 Thread 0x000001f0d81538c0 Exception <a 'sun/nio/fs/WindowsException'{0x000000009370fbd0}> (0x000000009370fbd0) 
thrown [s\src\hotspot\share\prims\jni.cpp, line 516]
Event: 865.116 Thread 0x000001f0d81538c0 Exception <a 'sun/nio/fs/WindowsException'{0x0000000093712968}> (0x0000000093712968) 
thrown [s\src\hotspot\share\prims\jni.cpp, line 516]
Event: 865.116 Thread 0x000001f0d81538c0 Exception <a 'sun/nio/fs/WindowsException'{0x0000000093712da0}> (0x0000000093712da0) 
thrown [s\src\hotspot\share\prims\jni.cpp, line 516]
Event: 865.117 Thread 0x000001f0d81538c0 Exception <a 'sun/nio/fs/WindowsException'{0x0000000093717df0}> (0x0000000093717df0) 
thrown [s\src\hotspot\share\prims\jni.cpp, line 516]
Event: 865.117 Thread 0x000001f0d81538c0 Exception <a 'sun/nio/fs/WindowsException'{0x0000000093718228}> (0x0000000093718228) 
thrown [s\src\hotspot\share\prims\jni.cpp, line 516]

VM Operations (20 events):
Event: 582.534 Executing VM operation: Cleanup
Event: 582.535 Executing VM operation: Cleanup done
Event: 742.359 Executing VM operation: Cleanup
Event: 742.359 Executing VM operation: Cleanup done
Event: 743.369 Executing VM operation: Cleanup
Event: 743.369 Executing VM operation: Cleanup done
Event: 751.415 Executing VM operation: Cleanup
Event: 751.415 Executing VM operation: Cleanup done
Event: 800.943 Executing VM operation: HandshakeAllThreads
Event: 800.944 Executing VM operation: HandshakeAllThreads done
Event: 822.087 Executing VM operation: Cleanup
Event: 822.087 Executing VM operation: Cleanup done
Event: 832.167 Executing VM operation: Cleanup
Event: 832.167 Executing VM operation: Cleanup done
Event: 862.412 Executing VM operation: Cleanup
Event: 862.428 Executing VM operation: Cleanup done
Event: 863.433 Executing VM operation: Cleanup
Event: 863.433 Executing VM operation: Cleanup done
Event: 864.951 Executing VM operation: G1CollectForAllocation
Event: 865.052 Executing VM operation: G1CollectForAllocation done

Events (20 events):
Event: 862.528 loading class jdk/internal/math/FormattedFloatingDecimal$1 done
Event: 862.541 loading class jdk/internal/math/FormattedFloatingDecimal$2
Event: 862.542 loading class jdk/internal/math/FormattedFloatingDecimal$2 done
Event: 862.555 Thread 0x000001f0d8153dd0 Thread added: 0x000001f0d8153dd0
Event: 862.556 Thread 0x000001f0d8155c30 Thread added: 0x000001f0d8155c30
Event: 862.918 Thread 0x000001f0d8151a60 Thread added: 0x000001f0d8151a60
Event: 862.930 Thread 0x000001f0d8152990 Thread added: 0x000001f0d8152990
Event: 862.951 Thread 0x000001f0d8150110 Thread added: 0x000001f0d8150110
Event: 862.982 Thread 0x000001f0d8156140 Thread added: 0x000001f0d8156140
Event: 864.883 Thread 0x000001f0d8156650 Thread added: 0x000001f0d8156650
Event: 864.883 Thread 0x000001f0d8156b60 Thread added: 0x000001f0d8156b60
Event: 865.081 Thread 0x000001f0d8151f70 Thread added: 0x000001f0d8151f70
Event: 865.203 Thread 0x000001f0d8157070 Thread added: 0x000001f0d8157070
Event: 865.261 Thread 0x000001f0d8157580 Thread added: 0x000001f0d8157580
Event: 865.261 Thread 0x000001f0d8150620 Thread added: 0x000001f0d8150620
Event: 865.261 Thread 0x000001f0d8150b30 Thread added: 0x000001f0d8150b30
Event: 865.261 Thread 0x000001f0d8152480 Thread added: 0x000001f0d8152480
Event: 865.261 Thread 0x000001f0d8151040 Thread added: 0x000001f0d8151040
Event: 865.261 Thread 0x000001f0d8151550 Thread added: 0x000001f0d8151550
Event: 865.261 Thread 0x000001f0d8152ea0 Thread added: 0x000001f0d8152ea0


Dynamic libraries:
0x00007ff62f6e0000 - 0x00007ff62f6ee000 	C:\Program Files\Microsoft\jdk-17.0.8.7-hotspot\bin\java.exe
0x00007ffaa2330000 - 0x00007ffaa2547000 	C:\WINDOWS\SYSTEM32\ntdll.dll
0x00007ffaa0930000 - 0x00007ffaa09f4000 	C:\WINDOWS\System32\KERNEL32.DLL
0x00007ffa9fb00000 - 0x00007ffa9fea6000 	C:\WINDOWS\System32\KERNELBASE.dll
0x00007ffa9feb0000 - 0x00007ffa9ffc1000 	C:\WINDOWS\System32\ucrtbase.dll
0x00007ffa83b90000 - 0x00007ffa83ba7000 	C:\Program Files\Microsoft\jdk-17.0.8.7-hotspot\bin\jli.dll
0x00007ffa83b70000 - 0x00007ffa83b8b000 	C:\Program Files\Microsoft\jdk-17.0.8.7-hotspot\bin\VCRUNTIME140.dll
0x00007ffaa06c0000 - 0x00007ffaa086e000 	C:\WINDOWS\System32\USER32.dll
0x00007ffaa0050000 - 0x00007ffaa0076000 	C:\WINDOWS\System32\win32u.dll
0x00007ffa86fc0000 - 0x00007ffa87253000 	C:\WINDOWS\WinSxS\amd64_microsoft.windows.common-controls_6595b64144ccf1df_6.0.22621.2506_none_270c5ae97388e100\COMCTL32.dll
0x00007ffaa1e00000 - 0x00007ffaa1e29000 	C:\WINDOWS\System32\GDI32.dll
0x00007ffa9f920000 - 0x00007ffa9fa38000 	C:\WINDOWS\System32\gdi32full.dll
0x00007ffaa21e0000 - 0x00007ffaa2287000 	C:\WINDOWS\System32\msvcrt.dll
0x00007ffa9f810000 - 0x00007ffa9f8aa000 	C:\WINDOWS\System32\msvcp_win.dll
0x00007ffaa0080000 - 0x00007ffaa00b1000 	C:\WINDOWS\System32\IMM32.DLL
0x00007ffa94c60000 - 0x00007ffa94c6c000 	C:\Program Files\Microsoft\jdk-17.0.8.7-hotspot\bin\vcruntime140_1.dll
0x00007ffa774b0000 - 0x00007ffa7753d000 	C:\Program Files\Microsoft\jdk-17.0.8.7-hotspot\bin\msvcp140.dll
0x00007ffa51930000 - 0x00007ffa52595000 	C:\Program Files\Microsoft\jdk-17.0.8.7-hotspot\bin\server\jvm.dll
0x00007ffaa0870000 - 0x00007ffaa0921000 	C:\WINDOWS\System32\ADVAPI32.dll
0x00007ffaa0e90000 - 0x00007ffaa0f35000 	C:\WINDOWS\System32\sechost.dll
0x00007ffaa0a50000 - 0x00007ffaa0b67000 	C:\WINDOWS\System32\RPCRT4.dll
0x00007ffa98e00000 - 0x00007ffa98e09000 	C:\WINDOWS\SYSTEM32\WSOCK32.dll
0x00007ffa9f570000 - 0x00007ffa9f5bd000 	C:\WINDOWS\SYSTEM32\POWRPROF.dll
0x00007ffaa0e10000 - 0x00007ffaa0e81000 	C:\WINDOWS\System32\WS2_32.dll
0x00007ffa9cfc0000 - 0x00007ffa9cff4000 	C:\WINDOWS\SYSTEM32\WINMM.dll
0x00007ffa99790000 - 0x00007ffa9979a000 	C:\WINDOWS\SYSTEM32\VERSION.dll
0x00007ffa9f550000 - 0x00007ffa9f563000 	C:\WINDOWS\SYSTEM32\UMPDC.dll
0x00007ffa9e6a0000 - 0x00007ffa9e6b8000 	C:\WINDOWS\SYSTEM32\kernel.appcore.dll
0x00007ffa947a0000 - 0x00007ffa947aa000 	C:\Program Files\Microsoft\jdk-17.0.8.7-hotspot\bin\jimage.dll
0x00007ffa9cd40000 - 0x00007ffa9cf73000 	C:\WINDOWS\SYSTEM32\DBGHELP.DLL
0x00007ffaa0310000 - 0x00007ffaa0699000 	C:\WINDOWS\System32\combase.dll
0x00007ffaa17a0000 - 0x00007ffaa1877000 	C:\WINDOWS\System32\OLEAUT32.dll
0x00007ffa9cf80000 - 0x00007ffa9cfb2000 	C:\WINDOWS\SYSTEM32\dbgcore.DLL
0x00007ffa9ffd0000 - 0x00007ffaa004a000 	C:\WINDOWS\System32\bcryptPrimitives.dll
0x00007ffa93e60000 - 0x00007ffa93e6e000 	C:\Program Files\Microsoft\jdk-17.0.8.7-hotspot\bin\instrument.dll
0x00007ffa83b40000 - 0x00007ffa83b65000 	C:\Program Files\Microsoft\jdk-17.0.8.7-hotspot\bin\java.dll
0x00007ffa5aad0000 - 0x00007ffa5aba7000 	C:\Program Files\Microsoft\jdk-17.0.8.7-hotspot\bin\jsvml.dll
0x00007ffaa0f40000 - 0x00007ffaa179a000 	C:\WINDOWS\System32\SHELL32.dll
0x00007ffa9d5c0000 - 0x00007ffa9deb6000 	C:\WINDOWS\SYSTEM32\windows.storage.dll
0x00007ffa9d480000 - 0x00007ffa9d5be000 	C:\WINDOWS\SYSTEM32\wintypes.dll
0x00007ffaa0b70000 - 0x00007ffaa0c63000 	C:\WINDOWS\System32\SHCORE.dll
0x00007ffaa2290000 - 0x00007ffaa22ee000 	C:\WINDOWS\System32\shlwapi.dll
0x00007ffa9f5d0000 - 0x00007ffa9f5f6000 	C:\WINDOWS\SYSTEM32\profapi.dll
0x00007ffa82310000 - 0x00007ffa82328000 	C:\Program Files\Microsoft\jdk-17.0.8.7-hotspot\bin\zip.dll
0x00007ffa833a0000 - 0x00007ffa833b9000 	C:\Program Files\Microsoft\jdk-17.0.8.7-hotspot\bin\net.dll
0x00007ffa99db0000 - 0x00007ffa99ee7000 	C:\WINDOWS\SYSTEM32\WINHTTP.dll
0x00007ffa9eb20000 - 0x00007ffa9eb89000 	C:\WINDOWS\system32\mswsock.dll
0x00007ffa82330000 - 0x00007ffa82346000 	C:\Program Files\Microsoft\jdk-17.0.8.7-hotspot\bin\nio.dll
0x00007ffa946d0000 - 0x00007ffa946e0000 	C:\Program Files\Microsoft\jdk-17.0.8.7-hotspot\bin\verify.dll
0x00007ffa7a5d0000 - 0x00007ffa7a5f7000 	C:\Users\Lenovo\.gradle\native\68d5fa5c4cc2d200863cafc0d521ce42e7d3e7ee720ec0a83991735586a16f82\windows-amd64\native-platform.dll
0x00007ffa5a480000 - 0x00007ffa5a5c4000 	C:\Users\Lenovo\.gradle\native\e376f236ea51e6404a007f0833ffe2c6e607c4080706a723a18a27aeea778392\windows-amd64\native-platform-file-events.dll
0x00007ffa94190000 - 0x00007ffa94199000 	C:\Program Files\Microsoft\jdk-17.0.8.7-hotspot\bin\management.dll
0x00007ffa94090000 - 0x00007ffa9409b000 	C:\Program Files\Microsoft\jdk-17.0.8.7-hotspot\bin\management_ext.dll
0x00007ffaa02a0000 - 0x00007ffaa02a8000 	C:\WINDOWS\System32\PSAPI.DLL
0x00007ffa9ed70000 - 0x00007ffa9ed8b000 	C:\WINDOWS\SYSTEM32\CRYPTSP.dll
0x00007ffa9e600000 - 0x00007ffa9e635000 	C:\WINDOWS\system32\rsaenh.dll
0x00007ffa9ec10000 - 0x00007ffa9ec3c000 	C:\WINDOWS\SYSTEM32\USERENV.dll
0x00007ffa9ef40000 - 0x00007ffa9ef68000 	C:\WINDOWS\SYSTEM32\bcrypt.dll
0x00007ffa9ed90000 - 0x00007ffa9ed9c000 	C:\WINDOWS\SYSTEM32\CRYPTBASE.dll
0x00007ffa9e160000 - 0x00007ffa9e18d000 	C:\WINDOWS\SYSTEM32\IPHLPAPI.DLL
0x00007ffaa0150000 - 0x00007ffaa0159000 	C:\WINDOWS\System32\NSI.dll
0x00007ffa997b0000 - 0x00007ffa997c9000 	C:\WINDOWS\SYSTEM32\dhcpcsvc6.DLL
0x00007ffa99770000 - 0x00007ffa9978f000 	C:\WINDOWS\SYSTEM32\dhcpcsvc.DLL
0x00007ffa9e190000 - 0x00007ffa9e289000 	C:\WINDOWS\SYSTEM32\DNSAPI.dll
0x00007ffa92cf0000 - 0x00007ffa92cfe000 	C:\Program Files\Microsoft\jdk-17.0.8.7-hotspot\bin\sunmscapi.dll
0x00007ffa9f6a0000 - 0x00007ffa9f806000 	C:\WINDOWS\System32\CRYPT32.dll
0x00007ffa9ef10000 - 0x00007ffa9ef3d000 	C:\WINDOWS\SYSTEM32\ncrypt.dll
0x00007ffa9eed0000 - 0x00007ffa9ef07000 	C:\WINDOWS\SYSTEM32\NTASN1.dll
0x00007ffa914e0000 - 0x00007ffa914e8000 	C:\WINDOWS\system32\wshunix.dll
0x00007ffa2cb10000 - 0x00007ffa2cb27000 	C:\WINDOWS\system32\napinsp.dll
0x00007ffa2caf0000 - 0x00007ffa2cb0b000 	C:\WINDOWS\system32\pnrpnsp.dll
0x00007ffa2cad0000 - 0x00007ffa2cae1000 	C:\WINDOWS\System32\winrnr.dll
0x00007ffa68c90000 - 0x00007ffa68ca5000 	C:\WINDOWS\system32\wshbth.dll
0x00007ffa4b060000 - 0x00007ffa4b081000 	C:\WINDOWS\system32\nlansp_c.dll
0x00007ffa997a0000 - 0x00007ffa997aa000 	C:\Windows\System32\rasadhlp.dll
0x00007ffa98f20000 - 0x00007ffa98fa3000 	C:\WINDOWS\System32\fwpuclnt.dll

dbghelp: loaded successfully - version: 4.0.5 - missing functions: none
symbol engine: initialized successfully - sym options: 0x614 - pdb path: .;C:\Program Files\Microsoft\jdk-17.0.8.7-hotspot\bin;C:\WINDOWS\SYSTEM32;C:\WINDOWS\WinSxS\amd64_microsoft.windows.common-controls_6595b64144ccf1df_6.0.22621.2506_none_270c5ae97388e100;C:\Program Files\Microsoft\jdk-17.0.8.7-hotspot\bin\server;C:\Users\Lenovo\.gradle\native\68d5fa5c4cc2d200863cafc0d521ce42e7d3e7ee720ec0a83991735586a16f82\windows-amd64;C:\Users\Lenovo\.gradle\native\e376f236ea51e6404a007f0833ffe2c6e607c4080706a723a18a27aeea778392\windows-amd64

VM Arguments:
jvm_args: -XX:MaxMetaspaceSize=512m --add-opens=java.base/java.util=ALL-UNNAMED --add-opens=java.base/java.lang=ALL-UNNAMED --add-opens=java.base/java.lang.invoke=ALL-UNNAMED --add-opens=java.prefs/java.util.prefs=ALL-UNNAMED --add-opens=java.base/java.nio.charset=ALL-UNNAMED --add-opens=java.base/java.net=ALL-UNNAMED --add-opens=java.base/java.util.concurrent.atomic=ALL-UNNAMED -Xmx2048m -Dfile.encoding=windows-1252 -Duser.country=US -Duser.language=en -Duser.variant -javaagent:C:\Users\Lenovo\.gradle\wrapper\dists\gradle-8.3-all\6en3ugtfdg5xnpx44z4qbwgas\gradle-8.3\lib\agents\gradle-instrumentation-agent-8.3.jar 
java_command: org.gradle.launcher.daemon.bootstrap.GradleDaemon 8.3
java_class_path (initial): C:\Users\Lenovo\.gradle\wrapper\dists\gradle-8.3-all\6en3ugtfdg5xnpx44z4qbwgas\gradle-8.3\lib\gradle-launcher-8.3.jar
Launcher Type: SUN_STANDARD

[Global flags]
     intx CICompilerCount                          = 4                                         {product} {ergonomic}
   size_t CompressedClassSpaceSize                 = 436207616                                 {product} {ergonomic}
     uint ConcGCThreads                            = 2                                         {product} {ergonomic}
     uint G1ConcRefinementThreads                  = 8                                         {product} {ergonomic}
   size_t G1HeapRegionSize                         = 1048576                                   {product} {ergonomic}
    uintx GCDrainStackTargetSize                   = 64                                        {product} {ergonomic}
   size_t InitialHeapSize                          = 132120576                                 {product} {ergonomic}
   size_t MarkStackSize                            = 4194304                                   {product} {ergonomic}
   size_t MaxHeapSize                              = 2147483648                                {product} {command line}
   size_t MaxMetaspaceSize                         = 536870912                                 {product} {command line}
   size_t MaxNewSize                               = 1287651328                                {product} {ergonomic}
   size_t MinHeapDeltaBytes                        = 1048576                                   {product} {ergonomic}
   size_t MinHeapSize                              = 8388608                                   {product} {ergonomic}
    uintx NonNMethodCodeHeapSize                   = 5839372                                {pd product} {ergonomic}
    uintx NonProfiledCodeHeapSize                  = 122909434                              {pd product} {ergonomic}
    uintx ProfiledCodeHeapSize                     = 122909434                              {pd product} {ergonomic}
    uintx ReservedCodeCacheSize                    = 251658240                              {pd product} {ergonomic}
     bool SegmentedCodeCache                       = true                                      {product} {ergonomic}
   size_t SoftMaxHeapSize                          = 2147483648                             {manageable} {ergonomic}
     bool UseCompressedClassPointers               = true                           {product lp64_product} {ergonomic}
     bool UseCompressedOops                        = true                           {product lp64_product} {ergonomic}
     bool UseG1GC                                  = true                                      {product} {ergonomic}
     bool UseLargePagesIndividualAllocation        = false                                  {pd product} {ergonomic}

Logging:
Log output configuration:
 #0: stdout all=warning uptime,level,tags
 #1: stderr all=off uptime,level,tags

Environment Variables:
JAVA_HOME=C:\Program Files\Microsoft\jdk-17.0.8.7-hotspot\
CLASSPATH=E:\Android Mobile APPs\sundarbanshop\sundarbanshop_app\android\\gradle\wrapper\gradle-wrapper.jar
PATH=E:\Android Mobile APPs\sundarbanshop\sundarbanshop_app\node_modules\.bin;E:\Android Mobile APPs\sundarbanshop\sundarbanshop_app\node_modules\.bin;E:\Android Mobile APPs\sundarbanshop\node_modules\.bin;E:\Android Mobile APPs\node_modules\.bin;E:\node_modules\.bin;C:\Users\Lenovo\AppData\Roaming\npm\node_modules\npm\node_modules\@npmcli\run-script\lib\node-gyp-bin;E:\Android Mobile APPs\sundarbanshop\sundarbanshop_app\node_modules\.bin;E:\Android Mobile APPs\sundarbanshop\node_modules\.bin;E:\Android Mobile APPs\node_modules\.bin;E:\node_modules\.bin;C:\Users\Lenovo\AppData\Roaming\npm\node_modules\npm\node_modules\@npmcli\run-script\lib\node-gyp-bin;C:\Users\Lenovo\bin;C:\Program Files\Git\mingw64\bin;C:\Program Files\Git\usr\local\bin;C:\Program Files\Git\usr\bin;C:\Program Files\Git\usr\bin;C:\Program Files\Git\mingw64\bin;C:\Program Files\Git\usr\bin;C:\Users\Lenovo\bin;C:\Program Files\Microsoft\jdk-17.0.8.7-hotspot\bin;C:\Python311\Scripts;C:\Python311;C:\WINDOWS\system32;C:\WINDOWS;C:\WINDOWS\System32\Wbem;C:\WINDOWS\System32\WindowsPowerShell\v1.0;C:\WINDOWS\System32\OpenSSH;C:\ProgramData\chocolatey\bin;C:\xampp\php;C:\ProgramData\ComposerSetup\bin;C:\Program Files\Git\cmd;C:\Program Files\dotnet;C:\Program Files\Microsoft SQL Server\150\Tools\Binn;C:\Program Files\Microsoft SQL Server\Client SDK\ODBC\170\Tools\Binn;C:\Program Files\nodejs;C:\Users\Lenovo\AppData\Local\Microsoft\WindowsApps;C:\Users\Lenovo\AppData\Local\Programs\Microsoft VS Code\bin;C:\xampp\php;C:\Users\Lenovo\AppData\Roaming\Composer\vendor\bin;C:\Users\Lenovo\.dotnet\tools;C:\Users\Lenovo\AppData\Roaming\npm;C:\Users\Lenovo\AppData\Local\Android\Sdk\platform-tools;C:\Program Files\Git\usr\bin\vendor_perl;C:\Program Files\Git\usr\bin\core_perl
USERNAME=Lenovo
SHELL=C:\Program Files\Git\usr\bin\bash.exe
DISPLAY=needs-to-be-defined
LANG=en_US.UTF-8
TERM=xterm-256color
TMPDIR=C:\Users\Lenovo\AppData\Local\Temp
OS=Windows_NT
PROCESSOR_IDENTIFIER=Intel64 Family 6 Model 140 Stepping 1, GenuineIntel
TMP=C:\Users\Lenovo\AppData\Local\Temp
TEMP=C:\Users\Lenovo\AppData\Local\Temp



---------------  S Y S T E M  ---------------

OS:
 Windows 11 , 64 bit Build 22621 (10.0.22621.2506)
OS uptime: 24 days 9:30 hours

CPU: total 8 (initial active 8) (4 cores per cpu, 2 threads per core) family 6 model 140 stepping 1 microcode 0x8a, cx8, cmov, fxsr, ht, mmx, 3dnowpref, sse, sse2, sse3, ssse3, sse4.1, sse4.2, popcnt, lzcnt, tsc, tscinvbit, avx, avx2, aes, erms, clmul, bmi1, bmi2, adx, avx512f, avx512dq, avx512cd, avx512bw, avx512vl, sha, fma, vzeroupper, avx512_vpopcntdq, avx512_vpclmulqdq, avx512_vaes, avx512_vnni, clflush, clflushopt, clwb, avx512_vbmi2, avx512_vbmi
Processor Information for all 8 processors :
  Max Mhz: 2419, Current Mhz: 2419, Mhz Limit: 2419

Memory: 4k page, system-wide physical 7991M (311M free)
TotalPageFile size 28829M (AvailPageFile size 13911M)
current process WorkingSet (physical memory assigned to process): 260M, peak: 594M
current process commit charge ("private bytes"): 652M, peak: 688M

vm_info: OpenJDK 64-Bit Server VM (17.0.8+7-LTS) for windows-amd64 JRE (17.0.8+7-LTS), built on Jul  7 2023 17:21:55 by "MicrosoftCorporation" with MS VC++ 16.10 / 16.11 (VS2019)

END.
